#
# There is insufficient memory for the Java Runtime Environment to continue.
# Native memory allocation (malloc) failed to allocate 1052416 bytes for Chunk::new
# Possible reasons:
#   The system is out of physical RAM or swap space
#   The process is running with CompressedOops enabled, and the Java Heap may be blocking the growth of the native heap
# Possible solutions:
#   Reduce memory load on the system
#   Increase physical memory or swap space
#   Check if swap backing store is full
#   Decrease Java heap size (-Xmx/-Xms)
#   Decrease number of Java threads
#   Decrease Java thread stack sizes (-Xss)
#   Set larger code cache with -XX:ReservedCodeCacheSize=
#   JVM is running with Unscaled Compressed Oops mode in which the Java heap is
#     placed in the first 4GB address space. The Java Heap base address is the
#     maximum limit for the native heap growth. Please use -XX:HeapBaseMinAddress
#     to set the Java Heap base and to place the Java Heap above 4GB virtual address.
# This output file may be truncated or incomplete.
#
#  Out of Memory Error (./src/hotspot/share/memory/arena.cpp:197), pid=13156, tid=20172
#
# JRE version: OpenJDK Runtime Environment (11.0.13) (build 11.0.13+0-b1751.21-8125866)
# Java VM: OpenJDK 64-Bit Server VM (11.0.13+0-b1751.21-8125866, mixed mode, tiered, compressed oops, g1 gc, windows-amd64)
# No core dump will be written. Minidumps are not enabled by default on client versions of Windows
#

---------------  S U M M A R Y ------------

Command Line: --add-opens=java.base/java.util=ALL-UNNAMED --add-opens=java.base/java.lang=ALL-UNNAMED --add-opens=java.base/java.lang.invoke=ALL-UNNAMED --add-opens=java.base/java.util=ALL-UNNAMED --add-opens=java.prefs/java.util.prefs=ALL-UNNAMED --add-opens=java.prefs/java.util.prefs=ALL-UNNAMED --add-opens=java.base/java.nio.charset=ALL-UNNAMED --add-opens=java.base/java.net=ALL-UNNAMED --add-opens=java.base/java.util.concurrent.atomic=ALL-UNNAMED -Xmx2048m -Dfile.encoding=UTF-8 -Duser.country=US -Duser.language=en -Duser.variant org.gradle.launcher.daemon.bootstrap.GradleDaemon 7.4

Host: Intel(R) Core(TM) i5-1035G1 CPU @ 1.00GHz, 8 cores, 7G,  Windows 11 , 64 bit Build 22621 (10.0.22621.1485)
Time: Tue Apr 25 11:14:09 2023 SE Asia Standard Time elapsed time: 22.173798 seconds (0d 0h 0m 22s)

---------------  T H R E A D  ---------------

Current thread (0x000001739dabc800):  JavaThread "C2 CompilerThread0" daemon [_thread_in_native, id=20172, stack(0x0000005485e00000,0x0000005485f00000)]


Current CompileTask:
C2:  22173 12699   !   4       com.sun.tools.javac.jvm.ClassReader::classSigToType (498 bytes)

Stack: [0x0000005485e00000,0x0000005485f00000]
Native frames: (J=compiled Java code, j=interpreted, Vv=VM code, C=native code)
V  [jvm.dll+0x6100fa]
V  [jvm.dll+0x747090]
V  [jvm.dll+0x7486ad]
V  [jvm.dll+0x748d83]
V  [jvm.dll+0x24ab48]
V  [jvm.dll+0xc04dc]
V  [jvm.dll+0xc0a0c]
V  [jvm.dll+0x2bfab4]
V  [jvm.dll+0x524238]
V  [jvm.dll+0x20b193]
V  [jvm.dll+0x204ca0]
V  [jvm.dll+0x2023c2]
V  [jvm.dll+0x188e01]
V  [jvm.dll+0x21106b]
V  [jvm.dll+0x20f8c1]
V  [jvm.dll+0x70de0f]
V  [jvm.dll+0x706a75]
V  [jvm.dll+0x60ed66]
C  [ucrtbase.dll+0x29363]
C  [KERNEL32.DLL+0x1269d]
C  [ntdll.dll+0x5a9f8]


---------------  P R O C E S S  ---------------

Threads class SMR info:
_java_thread_list=0x00000173a6a7b960, length=144, elements={
0x0000017382c9c000, 0x000001739d134000, 0x000001739d13f000, 0x000001739dab4800,
0x000001739dab7800, 0x000001739dab9000, 0x000001739dabc800, 0x000001739dabf800,
0x000001739d156800, 0x000001739dc16000, 0x000001739fdee800, 0x000001739dd42000,
0x00000173a0004800, 0x00000173a0135000, 0x000001739ff3a000, 0x00000173a0028000,
0x000001739e6e6000, 0x000001739e6e7000, 0x00000173a04dc000, 0x00000173a0b64000,
0x00000173a0a3a800, 0x00000173a0a3c000, 0x00000173a0a39800, 0x00000173a0a38800,
0x00000173a0a3e800, 0x00000173a0a3f000, 0x00000173a0a3b000, 0x00000173a0a3d000,
0x00000173a0a3d800, 0x00000173a1534000, 0x00000173a1531800, 0x00000173a1535800,
0x00000173a1538000, 0x00000173a1539000, 0x00000173a1533000, 0x00000173a153b800,
0x00000173a153e800, 0x00000173a153f800, 0x00000173a153e000, 0x00000173a153a000,
0x00000173a153a800, 0x00000173a153c000, 0x00000173a153d000, 0x00000173a368e800,
0x00000173a3692000, 0x00000173a368c000, 0x00000173a368e000, 0x00000173a3693000,
0x00000173a3690800, 0x00000173a368f800, 0x00000173a3691000, 0x00000173a368d000,
0x00000173a3694800, 0x00000173a3693800, 0x00000173a3697000, 0x00000173a369a000,
0x00000173a3698800, 0x00000173a369b000, 0x00000173a3699800, 0x00000173a3697800,
0x00000173a3695000, 0x00000173a3696000, 0x00000173a3676000, 0x00000173a3675000,
0x00000173a3676800, 0x00000173a3677800, 0x00000173a3678800, 0x00000173a3679000,
0x00000173a367a000, 0x00000173a3674800, 0x00000173a367b000, 0x00000173a367d800,
0x00000173a367e000, 0x00000173a367b800, 0x00000173a3681800, 0x00000173a3680800,
0x00000173a3682000, 0x00000173a367c800, 0x00000173a3683000, 0x00000173a367f800,
0x00000173a367f000, 0x00000173a2b50000, 0x00000173a2b55000, 0x00000173a2b54000,
0x00000173a2b51000, 0x00000173a2b4f000, 0x00000173a2b57800, 0x00000173a2b56000,
0x00000173a2b56800, 0x00000173a2b51800, 0x00000173a2b58000, 0x00000173a2b52800,
0x00000173a2b59000, 0x00000173a2b53800, 0x00000173a2b5a800, 0x00000173a2b5e000,
0x00000173a2b5d000, 0x00000173a2b5a000, 0x00000173a2b5b800, 0x00000173a2b5c800,
0x00000173a3606000, 0x00000173a3605800, 0x00000173a3604800, 0x00000173a3603000,
0x00000173a3607000, 0x00000173a3602000, 0x00000173a3603800, 0x00000173a3601800,
0x00000173a3609800, 0x00000173a360a800, 0x00000173a360b000, 0x00000173a360c000,
0x00000173a360c800, 0x00000173a360d800, 0x00000173a3608000, 0x00000173a360e800,
0x00000173a3608800, 0x00000173a360f000, 0x00000173a3610000, 0x00000173a3039000,
0x00000173a303e000, 0x00000173a303d800, 0x00000173a303f000, 0x00000173a303b000,
0x00000173a303f800, 0x00000173a303a000, 0x00000173a3041800, 0x00000173a303c800,
0x00000173a3045800, 0x00000173a3044800, 0x00000173a3044000, 0x00000173a3042000,
0x00000173a3046800, 0x00000173a3043000, 0x00000173a3040800, 0x00000173a3047000,
0x00000173a3048000, 0x00000173a6fe4000, 0x00000173a6fde000, 0x00000173a6fe2000,
0x00000173a6fdf000, 0x00000173a6fe1800, 0x00000173a6fe0800, 0x00000173a19db800
}

Java Threads: ( => current thread )
  0x0000017382c9c000 JavaThread "main" [_thread_blocked, id=16368, stack(0x0000005485200000,0x0000005485300000)]
  0x000001739d134000 JavaThread "Reference Handler" daemon [_thread_blocked, id=9504, stack(0x0000005485900000,0x0000005485a00000)]
  0x000001739d13f000 JavaThread "Finalizer" daemon [_thread_blocked, id=18184, stack(0x0000005485a00000,0x0000005485b00000)]
  0x000001739dab4800 JavaThread "Signal Dispatcher" daemon [_thread_blocked, id=17296, stack(0x0000005485b00000,0x0000005485c00000)]
  0x000001739dab7800 JavaThread "Attach Listener" daemon [_thread_blocked, id=1544, stack(0x0000005485c00000,0x0000005485d00000)]
  0x000001739dab9000 JavaThread "Service Thread" daemon [_thread_blocked, id=19056, stack(0x0000005485d00000,0x0000005485e00000)]
=>0x000001739dabc800 JavaThread "C2 CompilerThread0" daemon [_thread_in_native, id=20172, stack(0x0000005485e00000,0x0000005485f00000)]
  0x000001739dabf800 JavaThread "C1 CompilerThread0" daemon [_thread_blocked, id=5312, stack(0x0000005485f00000,0x0000005486000000)]
  0x000001739d156800 JavaThread "Sweeper thread" daemon [_thread_blocked, id=14476, stack(0x0000005486000000,0x0000005486100000)]
  0x000001739dc16000 JavaThread "Common-Cleaner" daemon [_thread_blocked, id=20020, stack(0x0000005486100000,0x0000005486200000)]
  0x000001739fdee800 JavaThread "Daemon health stats" [_thread_blocked, id=16116, stack(0x0000005486600000,0x0000005486700000)]
  0x000001739dd42000 JavaThread "Incoming local TCP Connector on port 57971" [_thread_in_native, id=6424, stack(0x0000005486300000,0x0000005486400000)]
  0x00000173a0004800 JavaThread "Daemon periodic checks" [_thread_blocked, id=20440, stack(0x0000005486700000,0x0000005486800000)]
  0x00000173a0135000 JavaThread "Daemon" [_thread_blocked, id=17488, stack(0x0000005486800000,0x0000005486900000)]
  0x000001739ff3a000 JavaThread "Handler for socket connection from /127.0.0.1:57971 to /127.0.0.1:57972" [_thread_in_native, id=21380, stack(0x0000005486900000,0x0000005486a00000)]
  0x00000173a0028000 JavaThread "Cancel handler" [_thread_blocked, id=13876, stack(0x0000005486a00000,0x0000005486b00000)]
  0x000001739e6e6000 JavaThread "Daemon worker" [_thread_blocked, id=15444, stack(0x0000005486b00000,0x0000005486c00000)]
  0x000001739e6e7000 JavaThread "Asynchronous log dispatcher for DefaultDaemonConnection: socket connection from /127.0.0.1:57971 to /127.0.0.1:57972" [_thread_blocked, id=5716, stack(0x0000005486d00000,0x0000005486e00000)]
  0x00000173a04dc000 JavaThread "Stdin handler" [_thread_blocked, id=1664, stack(0x0000005486e00000,0x0000005486f00000)]
  0x00000173a0b64000 JavaThread "Daemon client event forwarder" [_thread_blocked, id=2020, stack(0x0000005486f00000,0x0000005487000000)]
  0x00000173a0a3a800 JavaThread "Cache worker for journal cache (G:\139HocCode\LapTrinhDiDong\Start\caches\journal-1)" [_thread_blocked, id=18416, stack(0x0000005487500000,0x0000005487600000)]
  0x00000173a0a3c000 JavaThread "File lock request listener" [_thread_in_native, id=4304, stack(0x0000005487600000,0x0000005487700000)]
  0x00000173a0a39800 JavaThread "Cache worker for file hash cache (G:\139HocCode\LapTrinhDiDong\Start\caches\7.4\fileHashes)" [_thread_blocked, id=9948, stack(0x0000005487700000,0x0000005487800000)]
  0x00000173a0a38800 JavaThread "File watcher server" daemon [_thread_in_native, id=19044, stack(0x0000005487900000,0x0000005487a00000)]
  0x00000173a0a3e800 JavaThread "File watcher consumer" daemon [_thread_blocked, id=7740, stack(0x0000005487a00000,0x0000005487b00000)]
  0x00000173a0a3f000 JavaThread "Cache worker for checksums cache (G:\139HocCode\LapTrinhDiDong\StayFinder\StayFinder\android_app\.gradle\7.4\checksums)" [_thread_blocked, id=9752, stack(0x0000005487b00000,0x0000005487c00000)]
  0x00000173a0a3b000 JavaThread "Cache worker for cache directory md-rule (G:\139HocCode\LapTrinhDiDong\Start\caches\7.4\md-rule)" [_thread_blocked, id=11544, stack(0x0000005487c00000,0x0000005487d00000)]
  0x00000173a0a3d000 JavaThread "Cache worker for file hash cache (G:\139HocCode\LapTrinhDiDong\StayFinder\StayFinder\android_app\.gradle\7.4\fileHashes)" [_thread_blocked, id=17636, stack(0x0000005487d00000,0x0000005487e00000)]
  0x00000173a0a3d800 JavaThread "Cache worker for cache directory md-supplier (G:\139HocCode\LapTrinhDiDong\Start\caches\7.4\md-supplier)" [_thread_blocked, id=8236, stack(0x0000005487e00000,0x0000005487f00000)]
  0x00000173a1534000 JavaThread "Cache worker for execution history cache (G:\139HocCode\LapTrinhDiDong\Start\caches\7.4\executionHistory)" [_thread_blocked, id=3224, stack(0x0000005487f00000,0x0000005488000000)]
  0x00000173a1531800 JavaThread "jar transforms" [_thread_blocked, id=16188, stack(0x0000005488000000,0x0000005488100000)]
  0x00000173a1535800 JavaThread "Cache worker for file content cache (G:\139HocCode\LapTrinhDiDong\Start\caches\7.4\fileContent)" [_thread_blocked, id=13192, stack(0x0000005488100000,0x0000005488200000)]
  0x00000173a1538000 JavaThread "jar transforms Thread 2" [_thread_blocked, id=14344, stack(0x0000005488200000,0x0000005488300000)]
  0x00000173a1539000 JavaThread "Cache worker for dependencies-accessors (G:\139HocCode\LapTrinhDiDong\StayFinder\StayFinder\android_app\.gradle\7.4\dependencies-accessors)" [_thread_blocked, id=15072, stack(0x0000005488300000,0x0000005488400000)]
  0x00000173a1533000 JavaThread "jar transforms Thread 3" [_thread_blocked, id=11520, stack(0x0000005488400000,0x0000005488500000)]
  0x00000173a153b800 JavaThread "Cache worker for Build Output Cleanup Cache (G:\139HocCode\LapTrinhDiDong\StayFinder\StayFinder\android_app\.gradle\buildOutputCleanup)" [_thread_blocked, id=15128, stack(0x0000005488500000,0x0000005488600000)]
  0x00000173a153e800 JavaThread "Unconstrained build operations" [_thread_blocked, id=4100, stack(0x0000005488600000,0x0000005488700000)]
  0x00000173a153f800 JavaThread "Unconstrained build operations Thread 2" [_thread_blocked, id=18036, stack(0x0000005488700000,0x0000005488800000)]
  0x00000173a153e000 JavaThread "Unconstrained build operations Thread 3" [_thread_blocked, id=15388, stack(0x0000005488800000,0x0000005488900000)]
  0x00000173a153a000 JavaThread "Unconstrained build operations Thread 4" [_thread_blocked, id=2772, stack(0x0000005488900000,0x0000005488a00000)]
  0x00000173a153a800 JavaThread "Unconstrained build operations Thread 5" [_thread_blocked, id=8328, stack(0x0000005488a00000,0x0000005488b00000)]
  0x00000173a153c000 JavaThread "Unconstrained build operations Thread 6" [_thread_blocked, id=19500, stack(0x0000005488b00000,0x0000005488c00000)]
  0x00000173a153d000 JavaThread "Unconstrained build operations Thread 7" [_thread_blocked, id=8704, stack(0x0000005488c00000,0x0000005488d00000)]
  0x00000173a368e800 JavaThread "Unconstrained build operations Thread 8" [_thread_blocked, id=1464, stack(0x0000005488d00000,0x0000005488e00000)]
  0x00000173a3692000 JavaThread "Unconstrained build operations Thread 9" [_thread_blocked, id=448, stack(0x0000005488e00000,0x0000005488f00000)]
  0x00000173a368c000 JavaThread "Unconstrained build operations Thread 10" [_thread_blocked, id=13624, stack(0x0000005488f00000,0x0000005489000000)]
  0x00000173a368e000 JavaThread "Unconstrained build operations Thread 11" [_thread_blocked, id=6688, stack(0x0000005489000000,0x0000005489100000)]
  0x00000173a3693000 JavaThread "Unconstrained build operations Thread 12" [_thread_blocked, id=6032, stack(0x0000005489100000,0x0000005489200000)]
  0x00000173a3690800 JavaThread "Unconstrained build operations Thread 13" [_thread_blocked, id=13308, stack(0x0000005489200000,0x0000005489300000)]
  0x00000173a368f800 JavaThread "Unconstrained build operations Thread 14" [_thread_blocked, id=9556, stack(0x0000005489300000,0x0000005489400000)]
  0x00000173a3691000 JavaThread "Unconstrained build operations Thread 15" [_thread_blocked, id=11392, stack(0x0000005489400000,0x0000005489500000)]
  0x00000173a368d000 JavaThread "Unconstrained build operations Thread 16" [_thread_blocked, id=16884, stack(0x0000005489500000,0x0000005489600000)]
  0x00000173a3694800 JavaThread "Unconstrained build operations Thread 17" [_thread_blocked, id=684, stack(0x0000005489600000,0x0000005489700000)]
  0x00000173a3693800 JavaThread "Unconstrained build operations Thread 18" [_thread_blocked, id=21188, stack(0x0000005489700000,0x0000005489800000)]
  0x00000173a3697000 JavaThread "Unconstrained build operations Thread 19" [_thread_blocked, id=16596, stack(0x0000005489800000,0x0000005489900000)]
  0x00000173a369a000 JavaThread "Unconstrained build operations Thread 20" [_thread_blocked, id=20192, stack(0x0000005489900000,0x0000005489a00000)]
  0x00000173a3698800 JavaThread "Unconstrained build operations Thread 21" [_thread_blocked, id=6632, stack(0x0000005489a00000,0x0000005489b00000)]
  0x00000173a369b000 JavaThread "Unconstrained build operations Thread 22" [_thread_blocked, id=4116, stack(0x0000005489b00000,0x0000005489c00000)]
  0x00000173a3699800 JavaThread "Unconstrained build operations Thread 23" [_thread_blocked, id=13888, stack(0x0000005489c00000,0x0000005489d00000)]
  0x00000173a3697800 JavaThread "Unconstrained build operations Thread 24" [_thread_blocked, id=5248, stack(0x0000005489d00000,0x0000005489e00000)]
  0x00000173a3695000 JavaThread "Unconstrained build operations Thread 25" [_thread_blocked, id=5576, stack(0x0000005489e00000,0x0000005489f00000)]
  0x00000173a3696000 JavaThread "Unconstrained build operations Thread 26" [_thread_blocked, id=17752, stack(0x0000005489f00000,0x000000548a000000)]
  0x00000173a3676000 JavaThread "Unconstrained build operations Thread 27" [_thread_blocked, id=16936, stack(0x000000548a000000,0x000000548a100000)]
  0x00000173a3675000 JavaThread "Unconstrained build operations Thread 28" [_thread_blocked, id=15724, stack(0x000000548a100000,0x000000548a200000)]
  0x00000173a3676800 JavaThread "Unconstrained build operations Thread 29" [_thread_blocked, id=3772, stack(0x000000548a200000,0x000000548a300000)]
  0x00000173a3677800 JavaThread "Unconstrained build operations Thread 30" [_thread_blocked, id=2384, stack(0x000000548a300000,0x000000548a400000)]
  0x00000173a3678800 JavaThread "Unconstrained build operations Thread 31" [_thread_blocked, id=19876, stack(0x000000548a400000,0x000000548a500000)]
  0x00000173a3679000 JavaThread "Unconstrained build operations Thread 32" [_thread_blocked, id=14272, stack(0x000000548a500000,0x000000548a600000)]
  0x00000173a367a000 JavaThread "Unconstrained build operations Thread 33" [_thread_blocked, id=7496, stack(0x000000548a600000,0x000000548a700000)]
  0x00000173a3674800 JavaThread "Unconstrained build operations Thread 34" [_thread_blocked, id=18628, stack(0x000000548a700000,0x000000548a800000)]
  0x00000173a367b000 JavaThread "Unconstrained build operations Thread 35" [_thread_blocked, id=12072, stack(0x000000548a800000,0x000000548a900000)]
  0x00000173a367d800 JavaThread "Unconstrained build operations Thread 36" [_thread_blocked, id=18468, stack(0x000000548a900000,0x000000548aa00000)]
  0x00000173a367e000 JavaThread "Unconstrained build operations Thread 37" [_thread_blocked, id=6568, stack(0x000000548aa00000,0x000000548ab00000)]
  0x00000173a367b800 JavaThread "Unconstrained build operations Thread 38" [_thread_blocked, id=6604, stack(0x000000548ab00000,0x000000548ac00000)]
  0x00000173a3681800 JavaThread "Unconstrained build operations Thread 39" [_thread_blocked, id=9748, stack(0x000000548ac00000,0x000000548ad00000)]
  0x00000173a3680800 JavaThread "Unconstrained build operations Thread 40" [_thread_blocked, id=4284, stack(0x000000548ad00000,0x000000548ae00000)]
  0x00000173a3682000 JavaThread "Unconstrained build operations Thread 41" [_thread_blocked, id=7528, stack(0x000000548ae00000,0x000000548af00000)]
  0x00000173a367c800 JavaThread "Unconstrained build operations Thread 42" [_thread_blocked, id=17556, stack(0x000000548af00000,0x000000548b000000)]
  0x00000173a3683000 JavaThread "Unconstrained build operations Thread 43" [_thread_blocked, id=12336, stack(0x000000548b000000,0x000000548b100000)]
  0x00000173a367f800 JavaThread "Unconstrained build operations Thread 44" [_thread_blocked, id=8748, stack(0x000000548b100000,0x000000548b200000)]
  0x00000173a367f000 JavaThread "Unconstrained build operations Thread 45" [_thread_blocked, id=17632, stack(0x000000548b200000,0x000000548b300000)]
  0x00000173a2b50000 JavaThread "Unconstrained build operations Thread 46" [_thread_blocked, id=18680, stack(0x000000548b300000,0x000000548b400000)]
  0x00000173a2b55000 JavaThread "Unconstrained build operations Thread 47" [_thread_blocked, id=1648, stack(0x000000548b400000,0x000000548b500000)]
  0x00000173a2b54000 JavaThread "Unconstrained build operations Thread 48" [_thread_blocked, id=15000, stack(0x000000548b500000,0x000000548b600000)]
  0x00000173a2b51000 JavaThread "Unconstrained build operations Thread 49" [_thread_blocked, id=8148, stack(0x000000548b600000,0x000000548b700000)]
  0x00000173a2b4f000 JavaThread "Unconstrained build operations Thread 50" [_thread_blocked, id=18388, stack(0x000000548b700000,0x000000548b800000)]
  0x00000173a2b57800 JavaThread "Unconstrained build operations Thread 51" [_thread_blocked, id=4248, stack(0x000000548b800000,0x000000548b900000)]
  0x00000173a2b56000 JavaThread "Unconstrained build operations Thread 52" [_thread_blocked, id=15068, stack(0x000000548b900000,0x000000548ba00000)]
  0x00000173a2b56800 JavaThread "Unconstrained build operations Thread 53" [_thread_blocked, id=16640, stack(0x000000548ba00000,0x000000548bb00000)]
  0x00000173a2b51800 JavaThread "Unconstrained build operations Thread 54" [_thread_blocked, id=15456, stack(0x000000548bb00000,0x000000548bc00000)]
  0x00000173a2b58000 JavaThread "Unconstrained build operations Thread 55" [_thread_blocked, id=18956, stack(0x000000548bc00000,0x000000548bd00000)]
  0x00000173a2b52800 JavaThread "Unconstrained build operations Thread 56" [_thread_blocked, id=16212, stack(0x000000548bd00000,0x000000548be00000)]
  0x00000173a2b59000 JavaThread "Unconstrained build operations Thread 57" [_thread_blocked, id=19680, stack(0x000000548be00000,0x000000548bf00000)]
  0x00000173a2b53800 JavaThread "Unconstrained build operations Thread 58" [_thread_blocked, id=21500, stack(0x000000548bf00000,0x000000548c000000)]
  0x00000173a2b5a800 JavaThread "Unconstrained build operations Thread 59" [_thread_blocked, id=5956, stack(0x000000548c000000,0x000000548c100000)]
  0x00000173a2b5e000 JavaThread "Unconstrained build operations Thread 60" [_thread_blocked, id=18096, stack(0x000000548c100000,0x000000548c200000)]
  0x00000173a2b5d000 JavaThread "Unconstrained build operations Thread 61" [_thread_blocked, id=7548, stack(0x000000548c200000,0x000000548c300000)]
  0x00000173a2b5a000 JavaThread "Unconstrained build operations Thread 62" [_thread_blocked, id=452, stack(0x000000548c300000,0x000000548c400000)]
  0x00000173a2b5b800 JavaThread "Unconstrained build operations Thread 63" [_thread_blocked, id=18972, stack(0x000000548c400000,0x000000548c500000)]
  0x00000173a2b5c800 JavaThread "Unconstrained build operations Thread 64" [_thread_blocked, id=17540, stack(0x000000548c500000,0x000000548c600000)]
  0x00000173a3606000 JavaThread "Unconstrained build operations Thread 65" [_thread_blocked, id=17452, stack(0x000000548c600000,0x000000548c700000)]
  0x00000173a3605800 JavaThread "Unconstrained build operations Thread 66" [_thread_blocked, id=18380, stack(0x000000548c700000,0x000000548c800000)]
  0x00000173a3604800 JavaThread "Unconstrained build operations Thread 67" [_thread_blocked, id=5212, stack(0x000000548c800000,0x000000548c900000)]
  0x00000173a3603000 JavaThread "Unconstrained build operations Thread 68" [_thread_blocked, id=11732, stack(0x000000548c900000,0x000000548ca00000)]
  0x00000173a3607000 JavaThread "Unconstrained build operations Thread 69" [_thread_blocked, id=1712, stack(0x000000548ca00000,0x000000548cb00000)]
  0x00000173a3602000 JavaThread "Unconstrained build operations Thread 70" [_thread_blocked, id=19028, stack(0x000000548cb00000,0x000000548cc00000)]
  0x00000173a3603800 JavaThread "Unconstrained build operations Thread 71" [_thread_blocked, id=6672, stack(0x000000548cc00000,0x000000548cd00000)]
  0x00000173a3601800 JavaThread "Unconstrained build operations Thread 72" [_thread_blocked, id=20560, stack(0x000000548cd00000,0x000000548ce00000)]
  0x00000173a3609800 JavaThread "Unconstrained build operations Thread 73" [_thread_blocked, id=7904, stack(0x000000548ce00000,0x000000548cf00000)]
  0x00000173a360a800 JavaThread "Unconstrained build operations Thread 74" [_thread_blocked, id=21464, stack(0x000000548cf00000,0x000000548d000000)]
  0x00000173a360b000 JavaThread "Unconstrained build operations Thread 75" [_thread_blocked, id=7560, stack(0x000000548d000000,0x000000548d100000)]
  0x00000173a360c000 JavaThread "Unconstrained build operations Thread 76" [_thread_blocked, id=348, stack(0x000000548d100000,0x000000548d200000)]
  0x00000173a360c800 JavaThread "Unconstrained build operations Thread 77" [_thread_blocked, id=10472, stack(0x000000548d200000,0x000000548d300000)]
  0x00000173a360d800 JavaThread "Unconstrained build operations Thread 78" [_thread_blocked, id=3260, stack(0x000000548d300000,0x000000548d400000)]
  0x00000173a3608000 JavaThread "Unconstrained build operations Thread 79" [_thread_blocked, id=7664, stack(0x000000548d400000,0x000000548d500000)]
  0x00000173a360e800 JavaThread "Unconstrained build operations Thread 80" [_thread_blocked, id=17960, stack(0x000000548d500000,0x000000548d600000)]
  0x00000173a3608800 JavaThread "jar transforms Thread 4" [_thread_blocked, id=16008, stack(0x000000548d600000,0x000000548d700000)]
  0x00000173a360f000 JavaThread "jar transforms Thread 5" [_thread_blocked, id=17236, stack(0x000000548d700000,0x000000548d800000)]
  0x00000173a3610000 JavaThread "jar transforms Thread 6" [_thread_blocked, id=6676, stack(0x000000548d800000,0x000000548d900000)]
  0x00000173a3039000 JavaThread "jar transforms Thread 7" [_thread_blocked, id=19556, stack(0x000000548d900000,0x000000548da00000)]
  0x00000173a303e000 JavaThread "jar transforms Thread 8" [_thread_blocked, id=7580, stack(0x000000548da00000,0x000000548db00000)]
  0x00000173a303d800 JavaThread "Memory manager" [_thread_blocked, id=20488, stack(0x000000548db00000,0x000000548dc00000)]
  0x00000173a303f000 JavaThread "build event listener" [_thread_blocked, id=11224, stack(0x000000548dc00000,0x000000548dd00000)]
  0x00000173a303b000 JavaThread "pool-3-thread-1" [_thread_blocked, id=11580, stack(0x000000548dd00000,0x000000548de00000)]
  0x00000173a303f800 JavaThread "build event listener" [_thread_blocked, id=7896, stack(0x000000548de00000,0x000000548df00000)]
  0x00000173a303a000 JavaThread "included builds" [_thread_blocked, id=18480, stack(0x000000548df00000,0x000000548e000000)]
  0x00000173a3041800 JavaThread "Execution worker for ':'" [_thread_blocked, id=15704, stack(0x000000548e000000,0x000000548e100000)]
  0x00000173a303c800 JavaThread "Execution worker for ':' Thread 2" [_thread_blocked, id=21312, stack(0x000000548e100000,0x000000548e200000)]
  0x00000173a3045800 JavaThread "Execution worker for ':' Thread 3" [_thread_blocked, id=508, stack(0x000000548e200000,0x000000548e300000)]
  0x00000173a3044800 JavaThread "Execution worker for ':' Thread 4" [_thread_in_vm, id=14040, stack(0x000000548e300000,0x000000548e400000)]
  0x00000173a3044000 JavaThread "Execution worker for ':' Thread 5" [_thread_blocked, id=14432, stack(0x000000548e400000,0x000000548e500000)]
  0x00000173a3042000 JavaThread "Execution worker for ':' Thread 6" [_thread_blocked, id=17684, stack(0x000000548e500000,0x000000548e600000)]
  0x00000173a3046800 JavaThread "Execution worker for ':' Thread 7" [_thread_blocked, id=7060, stack(0x000000548e600000,0x000000548e700000)]
  0x00000173a3043000 JavaThread "Cache worker for execution history cache (G:\139HocCode\LapTrinhDiDong\StayFinder\StayFinder\android_app\.gradle\7.4\executionHistory)" [_thread_blocked, id=19024, stack(0x000000548e700000,0x000000548e800000)]
  0x00000173a3040800 JavaThread "Cache worker for Java compile cache (G:\139HocCode\LapTrinhDiDong\Start\caches\7.4\javaCompile)" [_thread_blocked, id=2576, stack(0x000000548e800000,0x000000548e900000)]
  0x00000173a3047000 JavaThread "Build operations" [_thread_blocked, id=21360, stack(0x000000548e900000,0x000000548ea00000)]
  0x00000173a3048000 JavaThread "Build operations Thread 2" [_thread_blocked, id=20308, stack(0x000000548ea00000,0x000000548eb00000)]
  0x00000173a6fe4000 JavaThread "Build operations Thread 3" [_thread_blocked, id=680, stack(0x000000548eb00000,0x000000548ec00000)]
  0x00000173a6fde000 JavaThread "Build operations Thread 4" [_thread_blocked, id=16944, stack(0x000000548ec00000,0x000000548ed00000)]
  0x00000173a6fe2000 JavaThread "Build operations Thread 5" [_thread_blocked, id=1624, stack(0x000000548ed00000,0x000000548ee00000)]
  0x00000173a6fdf000 JavaThread "Build operations Thread 6" [_thread_blocked, id=20828, stack(0x000000548ee00000,0x000000548ef00000)]
  0x00000173a6fe1800 JavaThread "Build operations Thread 7" [_thread_blocked, id=11980, stack(0x000000548ef00000,0x000000548f000000)]
  0x00000173a6fe0800 JavaThread "Build operations Thread 8" [_thread_blocked, id=14816, stack(0x000000548f000000,0x000000548f100000)]
  0x00000173a19db800 JavaThread "C2 CompilerThread1" daemon [_thread_in_native, id=10192, stack(0x0000005486c00000,0x0000005486d00000)]

Other Threads:
  0x000001739d132000 VMThread "VM Thread" [stack: 0x0000005485800000,0x0000005485900000] [id=19096]
  0x000001739dc4b000 WatcherThread [stack: 0x0000005486200000,0x0000005486300000] [id=13356]
  0x0000017382cb6000 GCTaskThread "GC Thread#0" [stack: 0x0000005485300000,0x0000005485400000] [id=2748]
  0x000001739dec4000 GCTaskThread "GC Thread#1" [stack: 0x0000005486400000,0x0000005486500000] [id=19604]
  0x000001739e927000 GCTaskThread "GC Thread#2" [stack: 0x0000005486500000,0x0000005486600000] [id=1744]
  0x000001739fe3c800 GCTaskThread "GC Thread#3" [stack: 0x0000005487000000,0x0000005487100000] [id=20120]
  0x000001739ff3a800 GCTaskThread "GC Thread#4" [stack: 0x0000005487100000,0x0000005487200000] [id=12156]
  0x00000173a03a6800 GCTaskThread "GC Thread#5" [stack: 0x0000005487200000,0x0000005487300000] [id=1680]
  0x00000173a03b3800 GCTaskThread "GC Thread#6" [stack: 0x0000005487300000,0x0000005487400000] [id=7296]
  0x00000173a03b4000 GCTaskThread "GC Thread#7" [stack: 0x0000005487400000,0x0000005487500000] [id=16332]
  0x0000017382ce9000 ConcurrentGCThread "G1 Main Marker" [stack: 0x0000005485400000,0x0000005485500000] [id=12112]
  0x0000017382cea000 ConcurrentGCThread "G1 Conc#0" [stack: 0x0000005485500000,0x0000005485600000] [id=18920]
  0x000001739fafb000 ConcurrentGCThread "G1 Conc#1" [stack: 0x0000005487800000,0x0000005487900000] [id=16540]
  0x000001739cf80800 ConcurrentGCThread "G1 Refine#0" [stack: 0x0000005485600000,0x0000005485700000] [id=6832]
  0x000001739cf81000 ConcurrentGCThread "G1 Young RemSet Sampling" [stack: 0x0000005485700000,0x0000005485800000] [id=11352]

Threads with active compile tasks:
C2 CompilerThread0  22213 12699   !   4       com.sun.tools.javac.jvm.ClassReader::classSigToType (498 bytes)
C2 CompilerThread1  22213 12700       4       com.sun.tools.javac.code.Symtab::enterPackage (79 bytes)

VM state:not at safepoint (normal execution)

VM Mutex/Monitor currently owned by a thread: None

Heap address: 0x0000000080000000, size: 2048 MB, Compressed Oops mode: 32-bit
Narrow klass base: 0x0000000000000000, Narrow klass shift: 3
Compressed class space size: 1073741824 Address: 0x0000000100000000

Heap:
 garbage-first heap   total 273408K, used 142812K [0x0000000080000000, 0x0000000100000000)
  region size 1024K, 8 young (8192K), 3 survivors (3072K)
 Metaspace       used 101934K, capacity 104579K, committed 104872K, reserved 1140736K
  class space    used 12797K, capacity 13776K, committed 13900K, reserved 1048576K
Heap Regions: E=young(eden), S=young(survivor), O=old, HS=humongous(starts), HC=humongous(continues), CS=collection set, F=free, A=archive, TAMS=top-at-mark-start (previous, next)
|   0|0x0000000080000000, 0x0000000080100000, 0x0000000080100000|100%| O|  |TAMS 0x0000000080100000, 0x0000000080000000| Untracked 
|   1|0x0000000080100000, 0x0000000080200000, 0x0000000080200000|100%| O|  |TAMS 0x0000000080200000, 0x0000000080100000| Untracked 
|   2|0x0000000080200000, 0x0000000080300000, 0x0000000080300000|100%| O|  |TAMS 0x0000000080300000, 0x0000000080200000| Untracked 
|   3|0x0000000080300000, 0x0000000080400000, 0x0000000080400000|100%|HS|  |TAMS 0x0000000080400000, 0x0000000080300000| Complete 
|   4|0x0000000080400000, 0x0000000080500000, 0x0000000080500000|100%|HC|  |TAMS 0x0000000080500000, 0x0000000080400000| Complete 
|   5|0x0000000080500000, 0x0000000080600000, 0x0000000080600000|100%|HC|  |TAMS 0x0000000080600000, 0x0000000080500000| Complete 
|   6|0x0000000080600000, 0x0000000080700000, 0x0000000080700000|100%| O|  |TAMS 0x0000000080700000, 0x0000000080600000| Untracked 
|   7|0x0000000080700000, 0x0000000080800000, 0x0000000080800000|100%| O|  |TAMS 0x0000000080800000, 0x0000000080700000| Untracked 
|   8|0x0000000080800000, 0x0000000080900000, 0x0000000080900000|100%| O|  |TAMS 0x0000000080900000, 0x0000000080800000| Untracked 
|   9|0x0000000080900000, 0x0000000080a00000, 0x0000000080a00000|100%| O|  |TAMS 0x0000000080a00000, 0x0000000080900000| Untracked 
|  10|0x0000000080a00000, 0x0000000080b00000, 0x0000000080b00000|100%| O|  |TAMS 0x0000000080b00000, 0x0000000080a00000| Untracked 
|  11|0x0000000080b00000, 0x0000000080c00000, 0x0000000080c00000|100%| O|  |TAMS 0x0000000080c00000, 0x0000000080b00000| Untracked 
|  12|0x0000000080c00000, 0x0000000080d00000, 0x0000000080d00000|100%| O|  |TAMS 0x0000000080d00000, 0x0000000080c00000| Untracked 
|  13|0x0000000080d00000, 0x0000000080e00000, 0x0000000080e00000|100%| O|  |TAMS 0x0000000080e00000, 0x0000000080d00000| Untracked 
|  14|0x0000000080e00000, 0x0000000080f00000, 0x0000000080f00000|100%| O|  |TAMS 0x0000000080f00000, 0x0000000080e00000| Untracked 
|  15|0x0000000080f00000, 0x0000000081000000, 0x0000000081000000|100%| O|  |TAMS 0x0000000081000000, 0x0000000080f00000| Untracked 
|  16|0x0000000081000000, 0x0000000081100000, 0x0000000081100000|100%|HS|  |TAMS 0x0000000081100000, 0x0000000081000000| Complete 
|  17|0x0000000081100000, 0x0000000081200000, 0x0000000081200000|100%| O|  |TAMS 0x0000000081200000, 0x0000000081100000| Untracked 
|  18|0x0000000081200000, 0x0000000081300000, 0x0000000081300000|100%| O|  |TAMS 0x0000000081300000, 0x0000000081200000| Untracked 
|  19|0x0000000081300000, 0x0000000081400000, 0x0000000081400000|100%| O|  |TAMS 0x0000000081400000, 0x0000000081300000| Untracked 
|  20|0x0000000081400000, 0x0000000081500000, 0x0000000081500000|100%| O|  |TAMS 0x0000000081500000, 0x0000000081400000| Untracked 
|  21|0x0000000081500000, 0x0000000081600000, 0x0000000081600000|100%| O|  |TAMS 0x0000000081600000, 0x0000000081500000| Untracked 
|  22|0x0000000081600000, 0x0000000081700000, 0x0000000081700000|100%| O|  |TAMS 0x0000000081700000, 0x0000000081600000| Untracked 
|  23|0x0000000081700000, 0x0000000081800000, 0x0000000081800000|100%| O|  |TAMS 0x0000000081800000, 0x0000000081700000| Untracked 
|  24|0x0000000081800000, 0x0000000081900000, 0x0000000081900000|100%| O|  |TAMS 0x0000000081900000, 0x0000000081800000| Untracked 
|  25|0x0000000081900000, 0x0000000081a00000, 0x0000000081a00000|100%| O|  |TAMS 0x0000000081a00000, 0x0000000081900000| Untracked 
|  26|0x0000000081a00000, 0x0000000081b00000, 0x0000000081b00000|100%| O|  |TAMS 0x0000000081b00000, 0x0000000081a00000| Untracked 
|  27|0x0000000081b00000, 0x0000000081c00000, 0x0000000081c00000|100%| O|  |TAMS 0x0000000081c00000, 0x0000000081b00000| Untracked 
|  28|0x0000000081c00000, 0x0000000081d00000, 0x0000000081d00000|100%|HS|  |TAMS 0x0000000081d00000, 0x0000000081c00000| Complete 
|  29|0x0000000081d00000, 0x0000000081e00000, 0x0000000081e00000|100%|HS|  |TAMS 0x0000000081e00000, 0x0000000081d00000| Complete 
|  30|0x0000000081e00000, 0x0000000081f00000, 0x0000000081f00000|100%|HS|  |TAMS 0x0000000081f00000, 0x0000000081e00000| Complete 
|  31|0x0000000081f00000, 0x0000000082000000, 0x0000000082000000|100%|HC|  |TAMS 0x0000000082000000, 0x0000000081f00000| Complete 
|  32|0x0000000082000000, 0x0000000082100000, 0x0000000082100000|100%|HC|  |TAMS 0x0000000082100000, 0x0000000082000000| Complete 
|  33|0x0000000082100000, 0x0000000082200000, 0x0000000082200000|100%| O|  |TAMS 0x0000000082200000, 0x0000000082100000| Untracked 
|  34|0x0000000082200000, 0x0000000082300000, 0x0000000082300000|100%| O|  |TAMS 0x0000000082300000, 0x0000000082200000| Untracked 
|  35|0x0000000082300000, 0x0000000082400000, 0x0000000082400000|100%| O|  |TAMS 0x0000000082400000, 0x0000000082300000| Untracked 
|  36|0x0000000082400000, 0x0000000082500000, 0x0000000082500000|100%|HS|  |TAMS 0x0000000082500000, 0x0000000082400000| Complete 
|  37|0x0000000082500000, 0x0000000082600000, 0x0000000082600000|100%|HC|  |TAMS 0x0000000082600000, 0x0000000082500000| Complete 
|  38|0x0000000082600000, 0x0000000082700000, 0x0000000082700000|100%| O|  |TAMS 0x0000000082700000, 0x0000000082600000| Untracked 
|  39|0x0000000082700000, 0x0000000082800000, 0x0000000082800000|100%| O|  |TAMS 0x0000000082800000, 0x0000000082700000| Untracked 
|  40|0x0000000082800000, 0x0000000082900000, 0x0000000082900000|100%| O|  |TAMS 0x0000000082900000, 0x0000000082800000| Untracked 
|  41|0x0000000082900000, 0x0000000082a00000, 0x0000000082a00000|100%| O|  |TAMS 0x0000000082a00000, 0x0000000082900000| Untracked 
|  42|0x0000000082a00000, 0x0000000082b00000, 0x0000000082b00000|100%| O|  |TAMS 0x0000000082b00000, 0x0000000082a00000| Untracked 
|  43|0x0000000082b00000, 0x0000000082c00000, 0x0000000082c00000|100%| O|  |TAMS 0x0000000082c00000, 0x0000000082b00000| Untracked 
|  44|0x0000000082c00000, 0x0000000082d00000, 0x0000000082d00000|100%| O|  |TAMS 0x0000000082d00000, 0x0000000082c00000| Untracked 
|  45|0x0000000082d00000, 0x0000000082e00000, 0x0000000082e00000|100%| O|  |TAMS 0x0000000082e00000, 0x0000000082d00000| Untracked 
|  46|0x0000000082e00000, 0x0000000082f00000, 0x0000000082f00000|100%| O|  |TAMS 0x0000000082f00000, 0x0000000082e00000| Untracked 
|  47|0x0000000082f00000, 0x0000000083000000, 0x0000000083000000|100%| O|  |TAMS 0x0000000083000000, 0x0000000082f00000| Untracked 
|  48|0x0000000083000000, 0x0000000083100000, 0x0000000083100000|100%| O|  |TAMS 0x0000000083100000, 0x0000000083000000| Untracked 
|  49|0x0000000083100000, 0x0000000083200000, 0x0000000083200000|100%| O|  |TAMS 0x0000000083200000, 0x0000000083100000| Untracked 
|  50|0x0000000083200000, 0x0000000083300000, 0x0000000083300000|100%| O|  |TAMS 0x0000000083300000, 0x0000000083200000| Untracked 
|  51|0x0000000083300000, 0x0000000083400000, 0x0000000083400000|100%| O|  |TAMS 0x0000000083400000, 0x0000000083300000| Untracked 
|  52|0x0000000083400000, 0x0000000083500000, 0x0000000083500000|100%| O|  |TAMS 0x0000000083500000, 0x0000000083400000| Untracked 
|  53|0x0000000083500000, 0x0000000083600000, 0x0000000083600000|100%| O|  |TAMS 0x0000000083600000, 0x0000000083500000| Untracked 
|  54|0x0000000083600000, 0x0000000083700000, 0x0000000083700000|100%| O|  |TAMS 0x0000000083700000, 0x0000000083600000| Untracked 
|  55|0x0000000083700000, 0x0000000083800000, 0x0000000083800000|100%| O|  |TAMS 0x0000000083800000, 0x0000000083700000| Untracked 
|  56|0x0000000083800000, 0x0000000083900000, 0x0000000083900000|100%| O|  |TAMS 0x0000000083900000, 0x0000000083800000| Untracked 
|  57|0x0000000083900000, 0x0000000083a00000, 0x0000000083a00000|100%| O|  |TAMS 0x0000000083a00000, 0x0000000083900000| Untracked 
|  58|0x0000000083a00000, 0x0000000083b00000, 0x0000000083b00000|100%| O|  |TAMS 0x0000000083b00000, 0x0000000083a00000| Untracked 
|  59|0x0000000083b00000, 0x0000000083c00000, 0x0000000083c00000|100%| O|  |TAMS 0x0000000083c00000, 0x0000000083b00000| Untracked 
|  60|0x0000000083c00000, 0x0000000083d00000, 0x0000000083d00000|100%| O|  |TAMS 0x0000000083d00000, 0x0000000083c00000| Untracked 
|  61|0x0000000083d00000, 0x0000000083e00000, 0x0000000083e00000|100%| O|  |TAMS 0x0000000083e00000, 0x0000000083d00000| Untracked 
|  62|0x0000000083e00000, 0x0000000083f00000, 0x0000000083f00000|100%| O|  |TAMS 0x0000000083f00000, 0x0000000083e00000| Untracked 
|  63|0x0000000083f00000, 0x0000000084000000, 0x0000000084000000|100%| O|  |TAMS 0x0000000084000000, 0x0000000083f00000| Untracked 
|  64|0x0000000084000000, 0x0000000084100000, 0x0000000084100000|100%| O|  |TAMS 0x0000000084100000, 0x0000000084000000| Untracked 
|  65|0x0000000084100000, 0x0000000084200000, 0x0000000084200000|100%| O|  |TAMS 0x0000000084200000, 0x0000000084100000| Untracked 
|  66|0x0000000084200000, 0x0000000084300000, 0x0000000084300000|100%| O|  |TAMS 0x0000000084300000, 0x0000000084200000| Untracked 
|  67|0x0000000084300000, 0x0000000084400000, 0x0000000084400000|100%| O|  |TAMS 0x0000000084400000, 0x0000000084300000| Untracked 
|  68|0x0000000084400000, 0x0000000084500000, 0x0000000084500000|100%| O|  |TAMS 0x0000000084500000, 0x0000000084400000| Untracked 
|  69|0x0000000084500000, 0x0000000084600000, 0x0000000084600000|100%| O|  |TAMS 0x0000000084600000, 0x0000000084500000| Untracked 
|  70|0x0000000084600000, 0x0000000084700000, 0x0000000084700000|100%| O|  |TAMS 0x0000000084700000, 0x0000000084600000| Untracked 
|  71|0x0000000084700000, 0x0000000084800000, 0x0000000084800000|100%| O|  |TAMS 0x0000000084800000, 0x0000000084700000| Untracked 
|  72|0x0000000084800000, 0x0000000084900000, 0x0000000084900000|100%| O|  |TAMS 0x0000000084900000, 0x0000000084800000| Untracked 
|  73|0x0000000084900000, 0x0000000084a00000, 0x0000000084a00000|100%| O|  |TAMS 0x0000000084a00000, 0x0000000084900000| Untracked 
|  74|0x0000000084a00000, 0x0000000084b00000, 0x0000000084b00000|100%| O|  |TAMS 0x0000000084b00000, 0x0000000084a00000| Untracked 
|  75|0x0000000084b00000, 0x0000000084c00000, 0x0000000084c00000|100%| O|  |TAMS 0x0000000084c00000, 0x0000000084b00000| Untracked 
|  76|0x0000000084c00000, 0x0000000084d00000, 0x0000000084d00000|100%| O|  |TAMS 0x0000000084d00000, 0x0000000084c00000| Untracked 
|  77|0x0000000084d00000, 0x0000000084e00000, 0x0000000084e00000|100%| O|  |TAMS 0x0000000084e00000, 0x0000000084d00000| Untracked 
|  78|0x0000000084e00000, 0x0000000084f00000, 0x0000000084f00000|100%| O|  |TAMS 0x0000000084f00000, 0x0000000084e00000| Untracked 
|  79|0x0000000084f00000, 0x0000000085000000, 0x0000000085000000|100%| O|  |TAMS 0x0000000085000000, 0x0000000084f00000| Untracked 
|  80|0x0000000085000000, 0x0000000085100000, 0x0000000085100000|100%| O|  |TAMS 0x0000000085100000, 0x0000000085000000| Untracked 
|  81|0x0000000085100000, 0x0000000085200000, 0x0000000085200000|100%| O|  |TAMS 0x0000000085200000, 0x0000000085100000| Untracked 
|  82|0x0000000085200000, 0x0000000085300000, 0x0000000085300000|100%| O|  |TAMS 0x0000000085300000, 0x0000000085200000| Untracked 
|  83|0x0000000085300000, 0x0000000085400000, 0x0000000085400000|100%| O|  |TAMS 0x0000000085400000, 0x0000000085300000| Untracked 
|  84|0x0000000085400000, 0x0000000085500000, 0x0000000085500000|100%| O|  |TAMS 0x0000000085500000, 0x0000000085400000| Untracked 
|  85|0x0000000085500000, 0x0000000085600000, 0x0000000085600000|100%| O|  |TAMS 0x0000000085600000, 0x0000000085500000| Untracked 
|  86|0x0000000085600000, 0x0000000085700000, 0x0000000085700000|100%| O|  |TAMS 0x0000000085700000, 0x0000000085600000| Untracked 
|  87|0x0000000085700000, 0x0000000085800000, 0x0000000085800000|100%| O|  |TAMS 0x0000000085800000, 0x0000000085700000| Untracked 
|  88|0x0000000085800000, 0x0000000085900000, 0x0000000085900000|100%| O|  |TAMS 0x0000000085900000, 0x0000000085800000| Untracked 
|  89|0x0000000085900000, 0x0000000085a00000, 0x0000000085a00000|100%| O|  |TAMS 0x0000000085a00000, 0x0000000085900000| Untracked 
|  90|0x0000000085a00000, 0x0000000085b00000, 0x0000000085b00000|100%| O|  |TAMS 0x0000000085b00000, 0x0000000085a00000| Untracked 
|  91|0x0000000085b00000, 0x0000000085c00000, 0x0000000085c00000|100%| O|  |TAMS 0x0000000085c00000, 0x0000000085b00000| Untracked 
|  92|0x0000000085c00000, 0x0000000085d00000, 0x0000000085d00000|100%| O|  |TAMS 0x0000000085d00000, 0x0000000085c00000| Untracked 
|  93|0x0000000085d00000, 0x0000000085e00000, 0x0000000085e00000|100%| O|  |TAMS 0x0000000085e00000, 0x0000000085d00000| Untracked 
|  94|0x0000000085e00000, 0x0000000085f00000, 0x0000000085f00000|100%| O|  |TAMS 0x0000000085f00000, 0x0000000085e00000| Untracked 
|  95|0x0000000085f00000, 0x0000000086000000, 0x0000000086000000|100%| O|  |TAMS 0x0000000086000000, 0x0000000085f00000| Untracked 
|  96|0x0000000086000000, 0x0000000086100000, 0x0000000086100000|100%| O|  |TAMS 0x0000000086100000, 0x0000000086000000| Untracked 
|  97|0x0000000086100000, 0x0000000086200000, 0x0000000086200000|100%| O|  |TAMS 0x0000000086200000, 0x0000000086100000| Untracked 
|  98|0x0000000086200000, 0x0000000086300000, 0x0000000086300000|100%| O|  |TAMS 0x0000000086300000, 0x0000000086200000| Untracked 
|  99|0x0000000086300000, 0x0000000086400000, 0x0000000086400000|100%| O|  |TAMS 0x0000000086400000, 0x0000000086300000| Untracked 
| 100|0x0000000086400000, 0x0000000086500000, 0x0000000086500000|100%| O|  |TAMS 0x0000000086500000, 0x0000000086400000| Untracked 
| 101|0x0000000086500000, 0x0000000086600000, 0x0000000086600000|100%| O|  |TAMS 0x0000000086600000, 0x0000000086500000| Untracked 
| 102|0x0000000086600000, 0x0000000086700000, 0x0000000086700000|100%| O|  |TAMS 0x0000000086700000, 0x0000000086600000| Untracked 
| 103|0x0000000086700000, 0x0000000086800000, 0x0000000086800000|100%| O|  |TAMS 0x0000000086800000, 0x0000000086700000| Untracked 
| 104|0x0000000086800000, 0x0000000086900000, 0x0000000086900000|100%| O|  |TAMS 0x0000000086900000, 0x0000000086800000| Untracked 
| 105|0x0000000086900000, 0x0000000086a00000, 0x0000000086a00000|100%| O|  |TAMS 0x0000000086a00000, 0x0000000086900000| Untracked 
| 106|0x0000000086a00000, 0x0000000086b00000, 0x0000000086b00000|100%| O|  |TAMS 0x0000000086b00000, 0x0000000086a00000| Untracked 
| 107|0x0000000086b00000, 0x0000000086c00000, 0x0000000086c00000|100%| O|  |TAMS 0x0000000086c00000, 0x0000000086b00000| Untracked 
| 108|0x0000000086c00000, 0x0000000086d00000, 0x0000000086d00000|100%| O|  |TAMS 0x0000000086d00000, 0x0000000086c00000| Untracked 
| 109|0x0000000086d00000, 0x0000000086e00000, 0x0000000086e00000|100%| O|  |TAMS 0x0000000086e00000, 0x0000000086d00000| Untracked 
| 110|0x0000000086e00000, 0x0000000086f00000, 0x0000000086f00000|100%| O|  |TAMS 0x0000000086f00000, 0x0000000086e00000| Untracked 
| 111|0x0000000086f00000, 0x0000000087000000, 0x0000000087000000|100%|HS|  |TAMS 0x0000000087000000, 0x0000000086f00000| Complete 
| 112|0x0000000087000000, 0x0000000087100000, 0x0000000087100000|100%|HC|  |TAMS 0x0000000087100000, 0x0000000087000000| Complete 
| 113|0x0000000087100000, 0x0000000087200000, 0x0000000087200000|100%| O|  |TAMS 0x0000000087200000, 0x0000000087100000| Untracked 
| 114|0x0000000087200000, 0x0000000087300000, 0x0000000087300000|100%| O|  |TAMS 0x0000000087300000, 0x0000000087200000| Untracked 
| 115|0x0000000087300000, 0x0000000087400000, 0x0000000087400000|100%| O|  |TAMS 0x0000000087400000, 0x0000000087300000| Untracked 
| 116|0x0000000087400000, 0x0000000087500000, 0x0000000087500000|100%| O|  |TAMS 0x0000000087500000, 0x0000000087400000| Untracked 
| 117|0x0000000087500000, 0x0000000087600000, 0x0000000087600000|100%| O|  |TAMS 0x0000000087600000, 0x0000000087500000| Untracked 
| 118|0x0000000087600000, 0x0000000087700000, 0x0000000087700000|100%| O|  |TAMS 0x0000000087700000, 0x0000000087600000| Untracked 
| 119|0x0000000087700000, 0x0000000087800000, 0x0000000087800000|100%| O|  |TAMS 0x0000000087800000, 0x0000000087700000| Untracked 
| 120|0x0000000087800000, 0x0000000087900000, 0x0000000087900000|100%| O|  |TAMS 0x0000000087900000, 0x0000000087800000| Untracked 
| 121|0x0000000087900000, 0x0000000087a00000, 0x0000000087a00000|100%| O|  |TAMS 0x0000000087a00000, 0x0000000087900000| Untracked 
| 122|0x0000000087a00000, 0x0000000087b00000, 0x0000000087b00000|100%| O|  |TAMS 0x0000000087b00000, 0x0000000087a00000| Untracked 
| 123|0x0000000087b00000, 0x0000000087c00000, 0x0000000087c00000|100%| O|  |TAMS 0x0000000087c00000, 0x0000000087b00000| Untracked 
| 124|0x0000000087c00000, 0x0000000087d00000, 0x0000000087d00000|100%| O|  |TAMS 0x0000000087d00000, 0x0000000087c00000| Untracked 
| 125|0x0000000087d00000, 0x0000000087e00000, 0x0000000087e00000|100%| O|  |TAMS 0x0000000087e00000, 0x0000000087d00000| Untracked 
| 126|0x0000000087e00000, 0x0000000087f00000, 0x0000000087f00000|100%| O|  |TAMS 0x0000000087f00000, 0x0000000087e00000| Untracked 
| 127|0x0000000087f00000, 0x0000000088000000, 0x0000000088000000|100%| O|  |TAMS 0x0000000088000000, 0x0000000087f00000| Untracked 
| 128|0x0000000088000000, 0x0000000088100000, 0x0000000088100000|100%| O|  |TAMS 0x0000000088100000, 0x0000000088000000| Untracked 
| 129|0x0000000088100000, 0x0000000088200000, 0x0000000088200000|100%| O|  |TAMS 0x0000000088200000, 0x0000000088100000| Untracked 
| 130|0x0000000088200000, 0x0000000088300000, 0x0000000088300000|100%| O|  |TAMS 0x0000000088300000, 0x0000000088200000| Untracked 
| 131|0x0000000088300000, 0x0000000088400000, 0x0000000088400000|100%| O|  |TAMS 0x0000000088400000, 0x0000000088300000| Untracked 
| 132|0x0000000088400000, 0x00000000884f3a00, 0x0000000088500000| 95%| O|  |TAMS 0x00000000884f3a00, 0x0000000088400000| Untracked 
| 133|0x0000000088500000, 0x0000000088500000, 0x0000000088600000|  0%| F|  |TAMS 0x0000000088500000, 0x0000000088500000| Untracked 
| 134|0x0000000088600000, 0x0000000088600000, 0x0000000088700000|  0%| F|  |TAMS 0x0000000088600000, 0x0000000088600000| Untracked 
| 135|0x0000000088700000, 0x0000000088700000, 0x0000000088800000|  0%| F|  |TAMS 0x0000000088700000, 0x0000000088700000| Untracked 
| 136|0x0000000088800000, 0x0000000088800000, 0x0000000088900000|  0%| F|  |TAMS 0x0000000088800000, 0x0000000088800000| Untracked 
| 137|0x0000000088900000, 0x0000000088900000, 0x0000000088a00000|  0%| F|  |TAMS 0x0000000088900000, 0x0000000088900000| Untracked 
| 138|0x0000000088a00000, 0x0000000088a00000, 0x0000000088b00000|  0%| F|  |TAMS 0x0000000088a00000, 0x0000000088a00000| Untracked 
| 139|0x0000000088b00000, 0x0000000088b00000, 0x0000000088c00000|  0%| F|  |TAMS 0x0000000088b00000, 0x0000000088b00000| Untracked 
| 140|0x0000000088c00000, 0x0000000088c00000, 0x0000000088d00000|  0%| F|  |TAMS 0x0000000088c00000, 0x0000000088c00000| Untracked 
| 141|0x0000000088d00000, 0x0000000088d00000, 0x0000000088e00000|  0%| F|  |TAMS 0x0000000088d00000, 0x0000000088d00000| Untracked 
| 142|0x0000000088e00000, 0x0000000088e00000, 0x0000000088f00000|  0%| F|  |TAMS 0x0000000088e00000, 0x0000000088e00000| Untracked 
| 143|0x0000000088f00000, 0x0000000088f00000, 0x0000000089000000|  0%| F|  |TAMS 0x0000000088f00000, 0x0000000088f00000| Untracked 
| 144|0x0000000089000000, 0x0000000089000000, 0x0000000089100000|  0%| F|  |TAMS 0x0000000089000000, 0x0000000089000000| Untracked 
| 145|0x0000000089100000, 0x0000000089100000, 0x0000000089200000|  0%| F|  |TAMS 0x0000000089100000, 0x0000000089100000| Untracked 
| 146|0x0000000089200000, 0x0000000089200000, 0x0000000089300000|  0%| F|  |TAMS 0x0000000089200000, 0x0000000089200000| Untracked 
| 147|0x0000000089300000, 0x0000000089300000, 0x0000000089400000|  0%| F|  |TAMS 0x0000000089300000, 0x0000000089300000| Untracked 
| 148|0x0000000089400000, 0x0000000089400000, 0x0000000089500000|  0%| F|  |TAMS 0x0000000089400000, 0x0000000089400000| Untracked 
| 149|0x0000000089500000, 0x0000000089500000, 0x0000000089600000|  0%| F|  |TAMS 0x0000000089500000, 0x0000000089500000| Untracked 
| 150|0x0000000089600000, 0x0000000089600000, 0x0000000089700000|  0%| F|  |TAMS 0x0000000089600000, 0x0000000089600000| Untracked 
| 151|0x0000000089700000, 0x0000000089700000, 0x0000000089800000|  0%| F|  |TAMS 0x0000000089700000, 0x0000000089700000| Untracked 
| 152|0x0000000089800000, 0x0000000089800000, 0x0000000089900000|  0%| F|  |TAMS 0x0000000089800000, 0x0000000089800000| Untracked 
| 153|0x0000000089900000, 0x0000000089900000, 0x0000000089a00000|  0%| F|  |TAMS 0x0000000089900000, 0x0000000089900000| Untracked 
| 154|0x0000000089a00000, 0x0000000089a00000, 0x0000000089b00000|  0%| F|  |TAMS 0x0000000089a00000, 0x0000000089a00000| Untracked 
| 155|0x0000000089b00000, 0x0000000089b00000, 0x0000000089c00000|  0%| F|  |TAMS 0x0000000089b00000, 0x0000000089b00000| Untracked 
| 156|0x0000000089c00000, 0x0000000089c00000, 0x0000000089d00000|  0%| F|  |TAMS 0x0000000089c00000, 0x0000000089c00000| Untracked 
| 157|0x0000000089d00000, 0x0000000089d00000, 0x0000000089e00000|  0%| F|  |TAMS 0x0000000089d00000, 0x0000000089d00000| Untracked 
| 158|0x0000000089e00000, 0x0000000089e00000, 0x0000000089f00000|  0%| F|  |TAMS 0x0000000089e00000, 0x0000000089e00000| Untracked 
| 159|0x0000000089f00000, 0x0000000089f00000, 0x000000008a000000|  0%| F|  |TAMS 0x0000000089f00000, 0x0000000089f00000| Untracked 
| 160|0x000000008a000000, 0x000000008a000000, 0x000000008a100000|  0%| F|  |TAMS 0x000000008a000000, 0x000000008a000000| Untracked 
| 161|0x000000008a100000, 0x000000008a100000, 0x000000008a200000|  0%| F|  |TAMS 0x000000008a100000, 0x000000008a100000| Untracked 
| 162|0x000000008a200000, 0x000000008a200000, 0x000000008a300000|  0%| F|  |TAMS 0x000000008a200000, 0x000000008a200000| Untracked 
| 163|0x000000008a300000, 0x000000008a300000, 0x000000008a400000|  0%| F|  |TAMS 0x000000008a300000, 0x000000008a300000| Untracked 
| 164|0x000000008a400000, 0x000000008a400000, 0x000000008a500000|  0%| F|  |TAMS 0x000000008a400000, 0x000000008a400000| Untracked 
| 165|0x000000008a500000, 0x000000008a500000, 0x000000008a600000|  0%| F|  |TAMS 0x000000008a500000, 0x000000008a500000| Untracked 
| 166|0x000000008a600000, 0x000000008a600000, 0x000000008a700000|  0%| F|  |TAMS 0x000000008a600000, 0x000000008a600000| Untracked 
| 167|0x000000008a700000, 0x000000008a700000, 0x000000008a800000|  0%| F|  |TAMS 0x000000008a700000, 0x000000008a700000| Untracked 
| 168|0x000000008a800000, 0x000000008a800000, 0x000000008a900000|  0%| F|  |TAMS 0x000000008a800000, 0x000000008a800000| Untracked 
| 169|0x000000008a900000, 0x000000008a900000, 0x000000008aa00000|  0%| F|  |TAMS 0x000000008a900000, 0x000000008a900000| Untracked 
| 170|0x000000008aa00000, 0x000000008aa00000, 0x000000008ab00000|  0%| F|  |TAMS 0x000000008aa00000, 0x000000008aa00000| Untracked 
| 171|0x000000008ab00000, 0x000000008ab00000, 0x000000008ac00000|  0%| F|  |TAMS 0x000000008ab00000, 0x000000008ab00000| Untracked 
| 172|0x000000008ac00000, 0x000000008ac00000, 0x000000008ad00000|  0%| F|  |TAMS 0x000000008ac00000, 0x000000008ac00000| Untracked 
| 173|0x000000008ad00000, 0x000000008ad00000, 0x000000008ae00000|  0%| F|  |TAMS 0x000000008ad00000, 0x000000008ad00000| Untracked 
| 174|0x000000008ae00000, 0x000000008ae00000, 0x000000008af00000|  0%| F|  |TAMS 0x000000008ae00000, 0x000000008ae00000| Untracked 
| 175|0x000000008af00000, 0x000000008af00000, 0x000000008b000000|  0%| F|  |TAMS 0x000000008af00000, 0x000000008af00000| Untracked 
| 176|0x000000008b000000, 0x000000008b000000, 0x000000008b100000|  0%| F|  |TAMS 0x000000008b000000, 0x000000008b000000| Untracked 
| 177|0x000000008b100000, 0x000000008b100000, 0x000000008b200000|  0%| F|  |TAMS 0x000000008b100000, 0x000000008b100000| Untracked 
| 178|0x000000008b200000, 0x000000008b200000, 0x000000008b300000|  0%| F|  |TAMS 0x000000008b200000, 0x000000008b200000| Untracked 
| 179|0x000000008b300000, 0x000000008b300000, 0x000000008b400000|  0%| F|  |TAMS 0x000000008b300000, 0x000000008b300000| Untracked 
| 180|0x000000008b400000, 0x000000008b400000, 0x000000008b500000|  0%| F|  |TAMS 0x000000008b400000, 0x000000008b400000| Untracked 
| 181|0x000000008b500000, 0x000000008b500000, 0x000000008b600000|  0%| F|  |TAMS 0x000000008b500000, 0x000000008b500000| Untracked 
| 182|0x000000008b600000, 0x000000008b600000, 0x000000008b700000|  0%| F|  |TAMS 0x000000008b600000, 0x000000008b600000| Untracked 
| 183|0x000000008b700000, 0x000000008b700000, 0x000000008b800000|  0%| F|  |TAMS 0x000000008b700000, 0x000000008b700000| Untracked 
| 184|0x000000008b800000, 0x000000008b8836d0, 0x000000008b900000| 51%| S|CS|TAMS 0x000000008b800000, 0x000000008b800000| Complete 
| 185|0x000000008b900000, 0x000000008ba00000, 0x000000008ba00000|100%| S|CS|TAMS 0x000000008b900000, 0x000000008b900000| Complete 
| 186|0x000000008ba00000, 0x000000008bb00000, 0x000000008bb00000|100%| S|CS|TAMS 0x000000008ba00000, 0x000000008ba00000| Complete 
| 187|0x000000008bb00000, 0x000000008bb00000, 0x000000008bc00000|  0%| F|  |TAMS 0x000000008bb00000, 0x000000008bb00000| Untracked 
| 188|0x000000008bc00000, 0x000000008bc00000, 0x000000008bd00000|  0%| F|  |TAMS 0x000000008bc00000, 0x000000008bc00000| Untracked 
| 189|0x000000008bd00000, 0x000000008bd00000, 0x000000008be00000|  0%| F|  |TAMS 0x000000008bd00000, 0x000000008bd00000| Untracked 
| 190|0x000000008be00000, 0x000000008be00000, 0x000000008bf00000|  0%| F|  |TAMS 0x000000008be00000, 0x000000008be00000| Untracked 
| 191|0x000000008bf00000, 0x000000008bf00000, 0x000000008c000000|  0%| F|  |TAMS 0x000000008bf00000, 0x000000008bf00000| Untracked 
| 192|0x000000008c000000, 0x000000008c000000, 0x000000008c100000|  0%| F|  |TAMS 0x000000008c000000, 0x000000008c000000| Untracked 
| 193|0x000000008c100000, 0x000000008c100000, 0x000000008c200000|  0%| F|  |TAMS 0x000000008c100000, 0x000000008c100000| Untracked 
| 194|0x000000008c200000, 0x000000008c200000, 0x000000008c300000|  0%| F|  |TAMS 0x000000008c200000, 0x000000008c200000| Untracked 
| 195|0x000000008c300000, 0x000000008c300000, 0x000000008c400000|  0%| F|  |TAMS 0x000000008c300000, 0x000000008c300000| Untracked 
| 196|0x000000008c400000, 0x000000008c400000, 0x000000008c500000|  0%| F|  |TAMS 0x000000008c400000, 0x000000008c400000| Untracked 
| 197|0x000000008c500000, 0x000000008c500000, 0x000000008c600000|  0%| F|  |TAMS 0x000000008c500000, 0x000000008c500000| Untracked 
| 198|0x000000008c600000, 0x000000008c600000, 0x000000008c700000|  0%| F|  |TAMS 0x000000008c600000, 0x000000008c600000| Untracked 
| 199|0x000000008c700000, 0x000000008c700000, 0x000000008c800000|  0%| F|  |TAMS 0x000000008c700000, 0x000000008c700000| Untracked 
| 200|0x000000008c800000, 0x000000008c800000, 0x000000008c900000|  0%| F|  |TAMS 0x000000008c800000, 0x000000008c800000| Untracked 
| 201|0x000000008c900000, 0x000000008c900000, 0x000000008ca00000|  0%| F|  |TAMS 0x000000008c900000, 0x000000008c900000| Untracked 
| 202|0x000000008ca00000, 0x000000008ca00000, 0x000000008cb00000|  0%| F|  |TAMS 0x000000008ca00000, 0x000000008ca00000| Untracked 
| 203|0x000000008cb00000, 0x000000008cb00000, 0x000000008cc00000|  0%| F|  |TAMS 0x000000008cb00000, 0x000000008cb00000| Untracked 
| 204|0x000000008cc00000, 0x000000008cc00000, 0x000000008cd00000|  0%| F|  |TAMS 0x000000008cc00000, 0x000000008cc00000| Untracked 
| 205|0x000000008cd00000, 0x000000008cd00000, 0x000000008ce00000|  0%| F|  |TAMS 0x000000008cd00000, 0x000000008cd00000| Untracked 
| 206|0x000000008ce00000, 0x000000008ce00000, 0x000000008cf00000|  0%| F|  |TAMS 0x000000008ce00000, 0x000000008ce00000| Untracked 
| 207|0x000000008cf00000, 0x000000008cf00000, 0x000000008d000000|  0%| F|  |TAMS 0x000000008cf00000, 0x000000008cf00000| Untracked 
| 208|0x000000008d000000, 0x000000008d000000, 0x000000008d100000|  0%| F|  |TAMS 0x000000008d000000, 0x000000008d000000| Untracked 
| 209|0x000000008d100000, 0x000000008d100000, 0x000000008d200000|  0%| F|  |TAMS 0x000000008d100000, 0x000000008d100000| Untracked 
| 210|0x000000008d200000, 0x000000008d200000, 0x000000008d300000|  0%| F|  |TAMS 0x000000008d200000, 0x000000008d200000| Untracked 
| 211|0x000000008d300000, 0x000000008d300000, 0x000000008d400000|  0%| F|  |TAMS 0x000000008d300000, 0x000000008d300000| Untracked 
| 212|0x000000008d400000, 0x000000008d400000, 0x000000008d500000|  0%| F|  |TAMS 0x000000008d400000, 0x000000008d400000| Untracked 
| 213|0x000000008d500000, 0x000000008d500000, 0x000000008d600000|  0%| F|  |TAMS 0x000000008d500000, 0x000000008d500000| Untracked 
| 214|0x000000008d600000, 0x000000008d600000, 0x000000008d700000|  0%| F|  |TAMS 0x000000008d600000, 0x000000008d600000| Untracked 
| 215|0x000000008d700000, 0x000000008d700000, 0x000000008d800000|  0%| F|  |TAMS 0x000000008d700000, 0x000000008d700000| Untracked 
| 216|0x000000008d800000, 0x000000008d800000, 0x000000008d900000|  0%| F|  |TAMS 0x000000008d800000, 0x000000008d800000| Untracked 
| 217|0x000000008d900000, 0x000000008d900000, 0x000000008da00000|  0%| F|  |TAMS 0x000000008d900000, 0x000000008d900000| Untracked 
| 218|0x000000008da00000, 0x000000008da00000, 0x000000008db00000|  0%| F|  |TAMS 0x000000008da00000, 0x000000008da00000| Untracked 
| 219|0x000000008db00000, 0x000000008db00000, 0x000000008dc00000|  0%| F|  |TAMS 0x000000008db00000, 0x000000008db00000| Untracked 
| 220|0x000000008dc00000, 0x000000008dc00000, 0x000000008dd00000|  0%| F|  |TAMS 0x000000008dc00000, 0x000000008dc00000| Untracked 
| 221|0x000000008dd00000, 0x000000008dd00000, 0x000000008de00000|  0%| F|  |TAMS 0x000000008dd00000, 0x000000008dd00000| Untracked 
| 222|0x000000008de00000, 0x000000008de00000, 0x000000008df00000|  0%| F|  |TAMS 0x000000008de00000, 0x000000008de00000| Untracked 
| 223|0x000000008df00000, 0x000000008df00000, 0x000000008e000000|  0%| F|  |TAMS 0x000000008df00000, 0x000000008df00000| Untracked 
| 224|0x000000008e000000, 0x000000008e000000, 0x000000008e100000|  0%| F|  |TAMS 0x000000008e000000, 0x000000008e000000| Untracked 
| 225|0x000000008e100000, 0x000000008e100000, 0x000000008e200000|  0%| F|  |TAMS 0x000000008e100000, 0x000000008e100000| Untracked 
| 226|0x000000008e200000, 0x000000008e200000, 0x000000008e300000|  0%| F|  |TAMS 0x000000008e200000, 0x000000008e200000| Untracked 
| 227|0x000000008e300000, 0x000000008e300000, 0x000000008e400000|  0%| F|  |TAMS 0x000000008e300000, 0x000000008e300000| Untracked 
| 228|0x000000008e400000, 0x000000008e400000, 0x000000008e500000|  0%| F|  |TAMS 0x000000008e400000, 0x000000008e400000| Untracked 
| 229|0x000000008e500000, 0x000000008e500000, 0x000000008e600000|  0%| F|  |TAMS 0x000000008e500000, 0x000000008e500000| Untracked 
| 230|0x000000008e600000, 0x000000008e600000, 0x000000008e700000|  0%| F|  |TAMS 0x000000008e600000, 0x000000008e600000| Untracked 
| 231|0x000000008e700000, 0x000000008e700000, 0x000000008e800000|  0%| F|  |TAMS 0x000000008e700000, 0x000000008e700000| Untracked 
| 232|0x000000008e800000, 0x000000008e800000, 0x000000008e900000|  0%| F|  |TAMS 0x000000008e800000, 0x000000008e800000| Untracked 
| 233|0x000000008e900000, 0x000000008e900000, 0x000000008ea00000|  0%| F|  |TAMS 0x000000008e900000, 0x000000008e900000| Untracked 
| 234|0x000000008ea00000, 0x000000008ea00000, 0x000000008eb00000|  0%| F|  |TAMS 0x000000008ea00000, 0x000000008ea00000| Untracked 
| 235|0x000000008eb00000, 0x000000008eb00000, 0x000000008ec00000|  0%| F|  |TAMS 0x000000008eb00000, 0x000000008eb00000| Untracked 
| 236|0x000000008ec00000, 0x000000008ec00000, 0x000000008ed00000|  0%| F|  |TAMS 0x000000008ec00000, 0x000000008ec00000| Untracked 
| 237|0x000000008ed00000, 0x000000008ed00000, 0x000000008ee00000|  0%| F|  |TAMS 0x000000008ed00000, 0x000000008ed00000| Untracked 
| 238|0x000000008ee00000, 0x000000008ee00000, 0x000000008ef00000|  0%| F|  |TAMS 0x000000008ee00000, 0x000000008ee00000| Untracked 
| 239|0x000000008ef00000, 0x000000008ef00000, 0x000000008f000000|  0%| F|  |TAMS 0x000000008ef00000, 0x000000008ef00000| Untracked 
| 240|0x000000008f000000, 0x000000008f000000, 0x000000008f100000|  0%| F|  |TAMS 0x000000008f000000, 0x000000008f000000| Untracked 
| 241|0x000000008f100000, 0x000000008f100000, 0x000000008f200000|  0%| F|  |TAMS 0x000000008f100000, 0x000000008f100000| Untracked 
| 242|0x000000008f200000, 0x000000008f200000, 0x000000008f300000|  0%| F|  |TAMS 0x000000008f200000, 0x000000008f200000| Untracked 
| 243|0x000000008f300000, 0x000000008f300000, 0x000000008f400000|  0%| F|  |TAMS 0x000000008f300000, 0x000000008f300000| Untracked 
| 244|0x000000008f400000, 0x000000008f400000, 0x000000008f500000|  0%| F|  |TAMS 0x000000008f400000, 0x000000008f400000| Untracked 
| 245|0x000000008f500000, 0x000000008f500000, 0x000000008f600000|  0%| F|  |TAMS 0x000000008f500000, 0x000000008f500000| Untracked 
| 246|0x000000008f600000, 0x000000008f600000, 0x000000008f700000|  0%| F|  |TAMS 0x000000008f600000, 0x000000008f600000| Untracked 
| 247|0x000000008f700000, 0x000000008f700000, 0x000000008f800000|  0%| F|  |TAMS 0x000000008f700000, 0x000000008f700000| Untracked 
| 248|0x000000008f800000, 0x000000008f800000, 0x000000008f900000|  0%| F|  |TAMS 0x000000008f800000, 0x000000008f800000| Untracked 
| 249|0x000000008f900000, 0x000000008f900000, 0x000000008fa00000|  0%| F|  |TAMS 0x000000008f900000, 0x000000008f900000| Untracked 
| 250|0x000000008fa00000, 0x000000008fa00000, 0x000000008fb00000|  0%| F|  |TAMS 0x000000008fa00000, 0x000000008fa00000| Untracked 
| 251|0x000000008fb00000, 0x000000008fb00000, 0x000000008fc00000|  0%| F|  |TAMS 0x000000008fb00000, 0x000000008fb00000| Untracked 
| 252|0x000000008fc00000, 0x000000008fc00000, 0x000000008fd00000|  0%| F|  |TAMS 0x000000008fc00000, 0x000000008fc00000| Untracked 
| 253|0x000000008fd00000, 0x000000008fd00000, 0x000000008fe00000|  0%| F|  |TAMS 0x000000008fd00000, 0x000000008fd00000| Untracked 
| 254|0x000000008fe00000, 0x000000008fe00000, 0x000000008ff00000|  0%| F|  |TAMS 0x000000008fe00000, 0x000000008fe00000| Untracked 
| 255|0x000000008ff00000, 0x000000008ff00000, 0x0000000090000000|  0%| F|  |TAMS 0x000000008ff00000, 0x000000008ff00000| Untracked 
| 256|0x0000000090000000, 0x0000000090000000, 0x0000000090100000|  0%| F|  |TAMS 0x0000000090000000, 0x0000000090000000| Untracked 
| 257|0x0000000090100000, 0x0000000090100000, 0x0000000090200000|  0%| F|  |TAMS 0x0000000090100000, 0x0000000090100000| Untracked 
| 258|0x0000000090200000, 0x0000000090200000, 0x0000000090300000|  0%| F|  |TAMS 0x0000000090200000, 0x0000000090200000| Untracked 
| 259|0x0000000090300000, 0x0000000090300000, 0x0000000090400000|  0%| F|  |TAMS 0x0000000090300000, 0x0000000090300000| Untracked 
| 260|0x0000000090400000, 0x0000000090400000, 0x0000000090500000|  0%| F|  |TAMS 0x0000000090400000, 0x0000000090400000| Untracked 
| 261|0x0000000090500000, 0x0000000090500000, 0x0000000090600000|  0%| F|  |TAMS 0x0000000090500000, 0x0000000090500000| Untracked 
| 262|0x0000000090600000, 0x00000000906aa3a8, 0x0000000090700000| 66%| E|  |TAMS 0x0000000090600000, 0x0000000090600000| Complete 
| 263|0x0000000090700000, 0x0000000090800000, 0x0000000090800000|100%| E|CS|TAMS 0x0000000090700000, 0x0000000090700000| Complete 
| 264|0x0000000090800000, 0x0000000090900000, 0x0000000090900000|100%| E|CS|TAMS 0x0000000090800000, 0x0000000090800000| Complete 
| 265|0x0000000090900000, 0x0000000090a00000, 0x0000000090a00000|100%| E|CS|TAMS 0x0000000090900000, 0x0000000090900000| Complete 
| 266|0x0000000090a00000, 0x0000000090b00000, 0x0000000090b00000|100%| E|CS|TAMS 0x0000000090a00000, 0x0000000090a00000| Complete 

Card table byte_map: [0x0000017395ee0000,0x00000173962e0000] _byte_map_base: 0x0000017395ae0000

Marking Bits (Prev, Next): (CMBitMap*) 0x0000017382ce0158, (CMBitMap*) 0x0000017382ce0190
 Prev Bits: [0x00000173966e0000, 0x00000173986e0000)
 Next Bits: [0x00000173986e0000, 0x000001739a6e0000)

Polling page: 0x0000017382470000

Metaspace:

Usage:
  Non-class:     88.74 MB capacity,    87.08 MB ( 98%) used,     1.37 MB (  2%) free+waste,   292.69 KB ( <1%) overhead. 
      Class:     13.45 MB capacity,    12.50 MB ( 93%) used,   845.03 KB (  6%) free+waste,   129.38 KB ( <1%) overhead. 
       Both:    102.19 MB capacity,    99.58 MB ( 97%) used,     2.19 MB (  2%) free+waste,   422.06 KB ( <1%) overhead. 

Virtual space:
  Non-class space:       90.00 MB reserved,      88.84 MB ( 99%) committed 
      Class space:        1.00 GB reserved,      13.57 MB (  1%) committed 
             Both:        1.09 GB reserved,     102.41 MB (  9%) committed 

Chunk freelists:
   Non-Class:  41.00 KB
       Class:  16.00 KB
        Both:  57.00 KB

MaxMetaspaceSize: 17179869184.00 GB
CompressedClassSpaceSize: 1.00 GB
Initial GC threshold: 20.80 MB
Current GC threshold: 167.77 MB
CDS: off

CodeHeap 'non-profiled nmethods': size=120000Kb used=7953Kb max_used=7953Kb free=112046Kb
 bounds [0x000001738e280000, 0x000001738ea50000, 0x00000173957b0000]
CodeHeap 'profiled nmethods': size=120000Kb used=27715Kb max_used=27715Kb free=92284Kb
 bounds [0x0000017386d50000, 0x0000017388870000, 0x000001738e280000]
CodeHeap 'non-nmethods': size=5760Kb used=2390Kb max_used=2440Kb free=3369Kb
 bounds [0x00000173867b0000, 0x0000017386a20000, 0x0000017386d50000]
 total_blobs=13619 nmethods=12716 adapters=814
 compilation: enabled
              stopped_count=0, restarted_count=0
 full_count=0

Compilation events (20 events):
Event: 22.153 Thread 0x000001739dabf800 12872       2       com.bumptech.glide.repackaged.com.google.common.collect.FluentIterable::from (24 bytes)
Event: 22.153 Thread 0x000001739dabf800 nmethod 12872 0x000001738884f090 code [0x000001738884f260, 0x000001738884f5e8]
Event: 22.153 Thread 0x000001739dabf800 12874       2       org.gradle.api.internal.tasks.compile.processing.IncrementalProcessingEnvironment::getTypeUtils (10 bytes)
Event: 22.153 Thread 0x000001739dabf800 nmethod 12874 0x000001738884f790 code [0x000001738884f940, 0x000001738884fa68]
Event: 22.153 Thread 0x000001739dabf800 12876       2       com.bumptech.glide.repackaged.com.google.common.collect.TransformedIterator::next (14 bytes)
Event: 22.153 Thread 0x000001739dabf800 nmethod 12876 0x000001738884fb10 code [0x000001738884fce0, 0x000001738884fe38]
Event: 22.153 Thread 0x000001739dabf800 12877       2       com.bumptech.glide.repackaged.com.squareup.javapoet.TypeName::isPrimitive (20 bytes)
Event: 22.153 Thread 0x000001739dabf800 nmethod 12877 0x000001738884ff10 code [0x00000173888500c0, 0x00000173888501f8]
Event: 22.153 Thread 0x000001739dabf800 12878       2       com.sun.tools.javac.code.Type$ClassType::getTypeArguments (5 bytes)
Event: 22.153 Thread 0x000001739dabf800 nmethod 12878 0x0000017388850290 code [0x0000017388850440, 0x0000017388850568]
Event: 22.154 Thread 0x000001739dabf800 12880       2       com.sun.tools.javac.model.JavacElements::ensureEntered (57 bytes)
Event: 22.155 Thread 0x000001739dabf800 nmethod 12880 0x0000017388850610 code [0x0000017388850840, 0x0000017388850cd8]
Event: 22.155 Thread 0x000001739dabf800 12881       2       com.sun.tools.javac.api.JavacTaskImpl::ensureEntered (14 bytes)
Event: 22.155 Thread 0x000001739dabf800 nmethod 12881 0x0000017388850f90 code [0x0000017388851140, 0x0000017388851268]
Event: 22.155 Thread 0x000001739dabf800 12882       2       com.sun.tools.javac.model.JavacElements::unboundNameToSymbol (65 bytes)
Event: 22.155 Thread 0x000001739dabf800 nmethod 12882 0x0000017388851390 code [0x0000017388851580, 0x0000017388851908]
Event: 22.166 Thread 0x000001739dabf800 12883       2       com.bumptech.glide.repackaged.com.squareup.javapoet.ClassName::compareTo (9 bytes)
Event: 22.166 Thread 0x000001739dabf800 nmethod 12883 0x0000017388851b10 code [0x0000017388851cc0, 0x0000017388851e28]
Event: 22.166 Thread 0x000001739dabf800 12884       2       com.bumptech.glide.repackaged.com.squareup.javapoet.ClassName::compareTo (12 bytes)
Event: 22.166 Thread 0x000001739dabf800 nmethod 12884 0x0000017388851f10 code [0x00000173888520c0, 0x00000173888521e8]

GC Heap History (20 events):
Event: 16.797 GC heap before
{Heap before GC invocations=29 (full 0):
 garbage-first heap   total 155648K, used 127660K [0x0000000080000000, 0x0000000100000000)
  region size 1024K, 40 young (40960K), 5 survivors (5120K)
 Metaspace       used 88187K, capacity 90478K, committed 90920K, reserved 1128448K
  class space    used 11235K, capacity 12051K, committed 12236K, reserved 1048576K
}
Event: 16.806 GC heap after
{Heap after GC invocations=30 (full 0):
 garbage-first heap   total 155648K, used 94893K [0x0000000080000000, 0x0000000100000000)
  region size 1024K, 3 young (3072K), 3 survivors (3072K)
 Metaspace       used 88187K, capacity 90478K, committed 90920K, reserved 1128448K
  class space    used 11235K, capacity 12051K, committed 12236K, reserved 1048576K
}
Event: 17.263 GC heap before
{Heap before GC invocations=31 (full 0):
 garbage-first heap   total 155648K, used 128685K [0x0000000080000000, 0x0000000100000000)
  region size 1024K, 37 young (37888K), 3 survivors (3072K)
 Metaspace       used 88317K, capacity 90553K, committed 91176K, reserved 1128448K
  class space    used 11238K, capacity 12051K, committed 12236K, reserved 1048576K
}
Event: 17.270 GC heap after
{Heap after GC invocations=32 (full 0):
 garbage-first heap   total 187392K, used 97325K [0x0000000080000000, 0x0000000100000000)
  region size 1024K, 5 young (5120K), 5 survivors (5120K)
 Metaspace       used 88317K, capacity 90553K, committed 91176K, reserved 1128448K
  class space    used 11238K, capacity 12051K, committed 12236K, reserved 1048576K
}
Event: 17.567 GC heap before
{Heap before GC invocations=32 (full 0):
 garbage-first heap   total 187392K, used 144429K [0x0000000080000000, 0x0000000100000000)
  region size 1024K, 52 young (53248K), 5 survivors (5120K)
 Metaspace       used 88408K, capacity 90671K, committed 91176K, reserved 1128448K
  class space    used 11248K, capacity 12061K, committed 12236K, reserved 1048576K
}
Event: 17.576 GC heap after
{Heap after GC invocations=33 (full 0):
 garbage-first heap   total 187392K, used 100550K [0x0000000080000000, 0x0000000100000000)
  region size 1024K, 6 young (6144K), 6 survivors (6144K)
 Metaspace       used 88408K, capacity 90671K, committed 91176K, reserved 1128448K
  class space    used 11248K, capacity 12061K, committed 12236K, reserved 1048576K
}
Event: 18.034 GC heap before
{Heap before GC invocations=34 (full 0):
 garbage-first heap   total 187392K, used 147654K [0x0000000080000000, 0x0000000100000000)
  region size 1024K, 53 young (54272K), 6 survivors (6144K)
 Metaspace       used 88551K, capacity 90765K, committed 91176K, reserved 1128448K
  class space    used 11266K, capacity 12071K, committed 12236K, reserved 1048576K
}
Event: 18.042 GC heap after
{Heap after GC invocations=35 (full 0):
 garbage-first heap   total 187392K, used 103661K [0x0000000080000000, 0x0000000100000000)
  region size 1024K, 7 young (7168K), 7 survivors (7168K)
 Metaspace       used 88551K, capacity 90765K, committed 91176K, reserved 1128448K
  class space    used 11266K, capacity 12071K, committed 12236K, reserved 1048576K
}
Event: 18.352 GC heap before
{Heap before GC invocations=35 (full 0):
 garbage-first heap   total 187392K, used 150765K [0x0000000080000000, 0x0000000100000000)
  region size 1024K, 54 young (55296K), 7 survivors (7168K)
 Metaspace       used 89203K, capacity 91517K, committed 91816K, reserved 1128448K
  class space    used 11365K, capacity 12216K, committed 12364K, reserved 1048576K
}
Event: 18.365 GC heap after
{Heap after GC invocations=36 (full 0):
 garbage-first heap   total 187392K, used 107628K [0x0000000080000000, 0x0000000100000000)
  region size 1024K, 7 young (7168K), 7 survivors (7168K)
 Metaspace       used 89203K, capacity 91517K, committed 91816K, reserved 1128448K
  class space    used 11365K, capacity 12216K, committed 12364K, reserved 1048576K
}
Event: 19.086 GC heap before
{Heap before GC invocations=37 (full 0):
 garbage-first heap   total 187392K, used 152684K [0x0000000080000000, 0x0000000100000000)
  region size 1024K, 52 young (53248K), 7 survivors (7168K)
 Metaspace       used 90899K, capacity 93296K, committed 93480K, reserved 1130496K
  class space    used 11593K, capacity 12447K, committed 12492K, reserved 1048576K
}
Event: 19.102 GC heap after
{Heap after GC invocations=38 (full 0):
 garbage-first heap   total 225280K, used 116072K [0x0000000080000000, 0x0000000100000000)
  region size 1024K, 7 young (7168K), 7 survivors (7168K)
 Metaspace       used 90899K, capacity 93296K, committed 93480K, reserved 1130496K
  class space    used 11593K, capacity 12447K, committed 12492K, reserved 1048576K
}
Event: 19.776 GC heap before
{Heap before GC invocations=38 (full 0):
 garbage-first heap   total 225280K, used 146792K [0x0000000080000000, 0x0000000100000000)
  region size 1024K, 39 young (39936K), 7 survivors (7168K)
 Metaspace       used 96460K, capacity 98983K, committed 99112K, reserved 1134592K
  class space    used 12281K, capacity 13193K, committed 13260K, reserved 1048576K
}
Event: 19.798 GC heap after
{Heap after GC invocations=39 (full 0):
 garbage-first heap   total 225280K, used 120904K [0x0000000080000000, 0x0000000100000000)
  region size 1024K, 8 young (8192K), 8 survivors (8192K)
 Metaspace       used 96460K, capacity 98983K, committed 99112K, reserved 1134592K
  class space    used 12281K, capacity 13193K, committed 13260K, reserved 1048576K
}
Event: 21.435 GC heap before
{Heap before GC invocations=40 (full 0):
 garbage-first heap   total 225280K, used 171080K [0x0000000080000000, 0x0000000100000000)
  region size 1024K, 55 young (56320K), 8 survivors (8192K)
 Metaspace       used 97238K, capacity 99756K, committed 99880K, reserved 1136640K
  class space    used 12337K, capacity 13256K, committed 13260K, reserved 1048576K
}
Event: 21.449 GC heap after
{Heap after GC invocations=41 (full 0):
 garbage-first heap   total 225280K, used 135149K [0x0000000080000000, 0x0000000100000000)
  region size 1024K, 7 young (7168K), 7 survivors (7168K)
 Metaspace       used 97238K, capacity 99756K, committed 99880K, reserved 1136640K
  class space    used 12337K, capacity 13256K, committed 13260K, reserved 1048576K
}
Event: 21.643 GC heap before
{Heap before GC invocations=41 (full 0):
 garbage-first heap   total 225280K, used 143341K [0x0000000080000000, 0x0000000100000000)
  region size 1024K, 17 young (17408K), 7 survivors (7168K)
 Metaspace       used 98616K, capacity 101269K, committed 101416K, reserved 1136640K
  class space    used 12467K, capacity 13419K, committed 13516K, reserved 1048576K
}
Event: 21.653 GC heap after
{Heap after GC invocations=42 (full 0):
 garbage-first heap   total 225280K, used 137837K [0x0000000080000000, 0x0000000100000000)
  region size 1024K, 2 young (2048K), 2 survivors (2048K)
 Metaspace       used 98616K, capacity 101269K, committed 101416K, reserved 1136640K
  class space    used 12467K, capacity 13419K, committed 13516K, reserved 1048576K
}
Event: 22.157 GC heap before
{Heap before GC invocations=43 (full 0):
 garbage-first heap   total 225280K, used 170605K [0x0000000080000000, 0x0000000100000000)
  region size 1024K, 33 young (33792K), 2 survivors (2048K)
 Metaspace       used 101677K, capacity 104291K, committed 104488K, reserved 1140736K
  class space    used 12779K, capacity 13744K, committed 13772K, reserved 1048576K
}
Event: 22.163 GC heap after
{Heap after GC invocations=44 (full 0):
 garbage-first heap   total 273408K, used 138716K [0x0000000080000000, 0x0000000100000000)
  region size 1024K, 3 young (3072K), 3 survivors (3072K)
 Metaspace       used 101677K, capacity 104291K, committed 104488K, reserved 1140736K
  class space    used 12779K, capacity 13744K, committed 13772K, reserved 1048576K
}

Deoptimization events (20 events):
Event: 21.950 Thread 0x00000173a3044800 Uncommon trap: trap_request=0xffffff4d fr.pc=0x000001738ea10278 relative=0x0000000000001e58
Event: 21.950 Thread 0x00000173a3044800 Uncommon trap: reason=unstable_if action=reinterpret pc=0x000001738ea10278 method=com.sun.tools.javac.jvm.ClassReader.sigToType()Lcom/sun/tools/javac/code/Type; @ 288 c2
Event: 21.950 Thread 0x00000173a3044800 DEOPT PACKING pc=0x000001738ea10278 sp=0x000000548e3f8220
Event: 21.950 Thread 0x00000173a3044800 DEOPT UNPACKING pc=0x00000173867b85af sp=0x000000548e3f81f0 mode 2
Event: 21.957 Thread 0x00000173a3044800 Uncommon trap: trap_request=0xfffffff4 fr.pc=0x000001738ea09968 relative=0x0000000000007068
Event: 21.957 Thread 0x00000173a3044800 Uncommon trap: reason=null_check action=make_not_entrant pc=0x000001738ea09968 method=com.sun.tools.javac.util.UnsharedNameTable.fromUtf([BII)Lcom/sun/tools/javac/util/Name; @ 50 c2
Event: 21.957 Thread 0x00000173a3044800 DEOPT PACKING pc=0x000001738ea09968 sp=0x000000548e3f8510
Event: 21.957 Thread 0x00000173a3044800 DEOPT UNPACKING pc=0x00000173867b85af sp=0x000000548e3f82d0 mode 2
Event: 22.004 Thread 0x00000173a3044800 Uncommon trap: trap_request=0xffffff4d fr.pc=0x000001738e322ff8 relative=0x0000000000000058
Event: 22.004 Thread 0x00000173a3044800 Uncommon trap: reason=unstable_if action=reinterpret pc=0x000001738e322ff8 method=java.util.Objects.equals(Ljava/lang/Object;Ljava/lang/Object;)Z @ 6 c2
Event: 22.004 Thread 0x00000173a3044800 DEOPT PACKING pc=0x000001738e322ff8 sp=0x000000548e3f8910
Event: 22.004 Thread 0x00000173a3044800 DEOPT UNPACKING pc=0x00000173867b85af sp=0x000000548e3f88b0 mode 2
Event: 22.017 Thread 0x00000173a3044800 Uncommon trap: trap_request=0xffffff4d fr.pc=0x000001738e8164fc relative=0x0000000000004abc
Event: 22.017 Thread 0x00000173a3044800 Uncommon trap: reason=unstable_if action=reinterpret pc=0x000001738e8164fc method=java.lang.String.split(Ljava/lang/String;I)[Ljava/lang/String; @ 279 c2
Event: 22.017 Thread 0x00000173a3044800 DEOPT PACKING pc=0x000001738e8164fc sp=0x000000548e3f8bc0
Event: 22.017 Thread 0x00000173a3044800 DEOPT UNPACKING pc=0x00000173867b85af sp=0x000000548e3f8b88 mode 2
Event: 22.091 Thread 0x00000173a3044800 Uncommon trap: trap_request=0xffffff4d fr.pc=0x000001738e34ac1c relative=0x000000000000043c
Event: 22.091 Thread 0x00000173a3044800 Uncommon trap: reason=unstable_if action=reinterpret pc=0x000001738e34ac1c method=sun.nio.cs.UTF_8$Encoder.encodeArrayLoop(Ljava/nio/CharBuffer;Ljava/nio/ByteBuffer;)Ljava/nio/charset/CoderResult; @ 113 c2
Event: 22.092 Thread 0x00000173a3044800 DEOPT PACKING pc=0x000001738e34ac1c sp=0x000000548e3f84f0
Event: 22.092 Thread 0x00000173a3044800 DEOPT UNPACKING pc=0x00000173867b85af sp=0x000000548e3f8458 mode 2

Classes redefined (0 events):
No events

Internal exceptions (20 events):
Event: 22.031 Thread 0x00000173a3044800 Exception <a 'sun/nio/fs/WindowsException'{0x000000008c9bc530}> (0x000000008c9bc530) thrown at [./src/hotspot/share/prims/jni.cpp, line 616]
Event: 22.080 Thread 0x00000173a3044800 Exception <a 'sun/nio/fs/WindowsException'{0x000000008c638d00}> (0x000000008c638d00) thrown at [./src/hotspot/share/prims/jni.cpp, line 616]
Event: 22.115 Thread 0x00000173a3044800 Exception <a 'sun/nio/fs/WindowsException'{0x000000008c1beb20}> (0x000000008c1beb20) thrown at [./src/hotspot/share/prims/jni.cpp, line 616]
Event: 22.115 Thread 0x00000173a3044800 Exception <a 'sun/nio/fs/WindowsException'{0x000000008c1becc8}> (0x000000008c1becc8) thrown at [./src/hotspot/share/prims/jni.cpp, line 616]
Event: 22.122 Thread 0x00000173a3044800 Exception <a 'sun/nio/fs/WindowsException'{0x000000008c082c28}> (0x000000008c082c28) thrown at [./src/hotspot/share/prims/jni.cpp, line 616]
Event: 22.122 Thread 0x00000173a3044800 Exception <a 'sun/nio/fs/WindowsException'{0x000000008c082da8}> (0x000000008c082da8) thrown at [./src/hotspot/share/prims/jni.cpp, line 616]
Event: 22.124 Thread 0x00000173a3044800 Exception <a 'sun/nio/fs/WindowsException'{0x000000008c0d1e98}> (0x000000008c0d1e98) thrown at [./src/hotspot/share/prims/jni.cpp, line 616]
Event: 22.124 Thread 0x00000173a3044800 Exception <a 'sun/nio/fs/WindowsException'{0x000000008c0d2010}> (0x000000008c0d2010) thrown at [./src/hotspot/share/prims/jni.cpp, line 616]
Event: 22.127 Thread 0x00000173a3044800 Exception <a 'sun/nio/fs/WindowsException'{0x000000008bf22670}> (0x000000008bf22670) thrown at [./src/hotspot/share/prims/jni.cpp, line 616]
Event: 22.127 Thread 0x00000173a3044800 Exception <a 'sun/nio/fs/WindowsException'{0x000000008bf227e8}> (0x000000008bf227e8) thrown at [./src/hotspot/share/prims/jni.cpp, line 616]
Event: 22.133 Thread 0x00000173a3044800 Exception <a 'sun/nio/fs/WindowsException'{0x000000008be605d0}> (0x000000008be605d0) thrown at [./src/hotspot/share/prims/jni.cpp, line 616]
Event: 22.151 Thread 0x00000173a3044800 Exception <a 'sun/nio/fs/WindowsException'{0x000000008bb48268}> (0x000000008bb48268) thrown at [./src/hotspot/share/prims/jni.cpp, line 616]
Event: 22.151 Thread 0x00000173a3044800 Exception <a 'sun/nio/fs/WindowsException'{0x000000008bb48418}> (0x000000008bb48418) thrown at [./src/hotspot/share/prims/jni.cpp, line 616]
Event: 22.164 Thread 0x00000173a3044800 Exception <a 'sun/nio/fs/WindowsException'{0x0000000090a112d8}> (0x0000000090a112d8) thrown at [./src/hotspot/share/prims/jni.cpp, line 616]
Event: 22.170 Thread 0x00000173a3044800 Exception <a 'sun/nio/fs/WindowsException'{0x0000000090af9950}> (0x0000000090af9950) thrown at [./src/hotspot/share/prims/jni.cpp, line 616]
Event: 22.170 Thread 0x00000173a3044800 Exception <a 'sun/nio/fs/WindowsException'{0x0000000090afe740}> (0x0000000090afe740) thrown at [./src/hotspot/share/prims/jni.cpp, line 616]
Event: 22.170 Thread 0x00000173a3044800 Exception <a 'sun/nio/fs/WindowsException'{0x0000000090affba8}> (0x0000000090affba8) thrown at [./src/hotspot/share/prims/jni.cpp, line 616]
Event: 22.171 Thread 0x00000173a3044800 Exception <a 'sun/nio/fs/WindowsException'{0x0000000090901868}> (0x0000000090901868) thrown at [./src/hotspot/share/prims/jni.cpp, line 616]
Event: 22.171 Thread 0x00000173a3044800 Exception <a 'sun/nio/fs/WindowsException'{0x00000000909019f8}> (0x00000000909019f8) thrown at [./src/hotspot/share/prims/jni.cpp, line 616]
Event: 22.171 Thread 0x00000173a3044800 Exception <a 'sun/nio/fs/WindowsException'{0x0000000090903c60}> (0x0000000090903c60) thrown at [./src/hotspot/share/prims/jni.cpp, line 616]

Events (20 events):
Event: 22.148 loading class com/bumptech/glide/annotation/compiler/ProcessorUtil$3
Event: 22.148 loading class com/bumptech/glide/annotation/compiler/ProcessorUtil$3 done
Event: 22.149 loading class com/bumptech/glide/annotation/compiler/RequestManagerGenerator$3
Event: 22.149 loading class com/bumptech/glide/annotation/compiler/RequestManagerGenerator$3 done
Event: 22.149 loading class com/bumptech/glide/annotation/compiler/RequestManagerGenerator$2
Event: 22.149 loading class com/bumptech/glide/annotation/compiler/RequestManagerGenerator$2 done
Event: 22.154 loading class com/bumptech/glide/repackaged/com/google/common/base/Predicates
Event: 22.154 loading class com/bumptech/glide/repackaged/com/google/common/base/Predicates done
Event: 22.155 loading class com/bumptech/glide/repackaged/com/google/common/base/Predicates$ObjectPredicate
Event: 22.155 loading class com/bumptech/glide/repackaged/com/google/common/base/Predicates$ObjectPredicate done
Event: 22.155 loading class com/bumptech/glide/repackaged/com/google/common/base/Predicates$ObjectPredicate$1
Event: 22.155 loading class com/bumptech/glide/repackaged/com/google/common/base/Predicates$ObjectPredicate$1 done
Event: 22.156 loading class com/bumptech/glide/repackaged/com/google/common/base/Predicates$ObjectPredicate$2
Event: 22.156 loading class com/bumptech/glide/repackaged/com/google/common/base/Predicates$ObjectPredicate$2 done
Event: 22.156 loading class com/bumptech/glide/repackaged/com/google/common/base/Predicates$ObjectPredicate$3
Event: 22.156 loading class com/bumptech/glide/repackaged/com/google/common/base/Predicates$ObjectPredicate$3 done
Event: 22.156 loading class com/bumptech/glide/repackaged/com/google/common/base/Predicates$ObjectPredicate$4
Event: 22.156 loading class com/bumptech/glide/repackaged/com/google/common/base/Predicates$ObjectPredicate$4 done
Event: 22.157 Executing VM operation: G1CollectForAllocation
Event: 22.163 Executing VM operation: G1CollectForAllocation done


Dynamic libraries:
0x00007ff70c660000 - 0x00007ff70c66a000 	G:\App\AndroidStudio\jre\bin\java.exe
0x00007ff997290000 - 0x00007ff9974a4000 	C:\WINDOWS\SYSTEM32\ntdll.dll
0x00007ff9964c0000 - 0x00007ff996582000 	C:\WINDOWS\System32\KERNEL32.DLL
0x00007ff9948c0000 - 0x00007ff994c5c000 	C:\WINDOWS\System32\KERNELBASE.dll
0x00007ff994e20000 - 0x00007ff994f31000 	C:\WINDOWS\System32\ucrtbase.dll
0x00007ff979900000 - 0x00007ff979917000 	G:\App\AndroidStudio\jre\bin\VCRUNTIME140.dll
0x00007ff96c720000 - 0x00007ff96c739000 	G:\App\AndroidStudio\jre\bin\jli.dll
0x00007ff9967b0000 - 0x00007ff99695b000 	C:\WINDOWS\System32\USER32.dll
0x00007ff97b750000 - 0x00007ff97b9de000 	C:\WINDOWS\WinSxS\amd64_microsoft.windows.common-controls_6595b64144ccf1df_6.0.22621.608_none_a9444ca7c10bb01d\COMCTL32.dll
0x00007ff995070000 - 0x00007ff995096000 	C:\WINDOWS\System32\win32u.dll
0x00007ff995960000 - 0x00007ff995a07000 	C:\WINDOWS\System32\msvcrt.dll
0x00007ff995c10000 - 0x00007ff995c39000 	C:\WINDOWS\System32\GDI32.dll
0x00007ff994c60000 - 0x00007ff994d73000 	C:\WINDOWS\System32\gdi32full.dll
0x00007ff994d80000 - 0x00007ff994e1a000 	C:\WINDOWS\System32\msvcp_win.dll
0x00007ff996000000 - 0x00007ff996031000 	C:\WINDOWS\System32\IMM32.DLL
0x00007ff92e560000 - 0x00007ff92e5fd000 	G:\App\AndroidStudio\jre\bin\msvcp140.dll
0x00007ff928be0000 - 0x00007ff9296e2000 	G:\App\AndroidStudio\jre\bin\server\jvm.dll
0x00007ff9957f0000 - 0x00007ff99589e000 	C:\WINDOWS\System32\ADVAPI32.dll
0x00007ff996680000 - 0x00007ff996724000 	C:\WINDOWS\System32\sechost.dll
0x00007ff995430000 - 0x00007ff995547000 	C:\WINDOWS\System32\RPCRT4.dll
0x00007ff995d60000 - 0x00007ff995d68000 	C:\WINDOWS\System32\PSAPI.DLL
0x00007ff986da0000 - 0x00007ff986daa000 	C:\WINDOWS\SYSTEM32\VERSION.dll
0x00007ff987cf0000 - 0x00007ff987d24000 	C:\WINDOWS\SYSTEM32\WINMM.dll
0x00007ff988cf0000 - 0x00007ff988cf9000 	C:\WINDOWS\SYSTEM32\WSOCK32.dll
0x00007ff996730000 - 0x00007ff9967a1000 	C:\WINDOWS\System32\ws2_32.DLL
0x00007ff993720000 - 0x00007ff993738000 	C:\WINDOWS\SYSTEM32\kernel.appcore.dll
0x00007ff988cd0000 - 0x00007ff988ce1000 	G:\App\AndroidStudio\jre\bin\verify.dll
0x00007ff98e950000 - 0x00007ff98eb7e000 	C:\WINDOWS\SYSTEM32\DBGHELP.DLL
0x00007ff9950a0000 - 0x00007ff995429000 	C:\WINDOWS\System32\combase.dll
0x00007ff995550000 - 0x00007ff995627000 	C:\WINDOWS\System32\OLEAUT32.dll
0x00007ff978d00000 - 0x00007ff978d32000 	C:\WINDOWS\SYSTEM32\dbgcore.DLL
0x00007ff994840000 - 0x00007ff9948bb000 	C:\WINDOWS\System32\bcryptPrimitives.dll
0x00007ff988c50000 - 0x00007ff988c79000 	G:\App\AndroidStudio\jre\bin\java.dll
0x00007ff988be0000 - 0x00007ff988beb000 	G:\App\AndroidStudio\jre\bin\jimage.dll
0x00007ff988bc0000 - 0x00007ff988bd8000 	G:\App\AndroidStudio\jre\bin\zip.dll
0x00007ff996a60000 - 0x00007ff997250000 	C:\WINDOWS\System32\SHELL32.dll
0x00007ff9926e0000 - 0x00007ff992fad000 	C:\WINDOWS\SYSTEM32\windows.storage.dll
0x00007ff9925a0000 - 0x00007ff9926de000 	C:\WINDOWS\SYSTEM32\wintypes.dll
0x00007ff995e70000 - 0x00007ff995f61000 	C:\WINDOWS\System32\SHCORE.dll
0x00007ff995a10000 - 0x00007ff995a6e000 	C:\WINDOWS\System32\shlwapi.dll
0x00007ff994600000 - 0x00007ff994621000 	C:\WINDOWS\SYSTEM32\profapi.dll
0x00007ff986ff0000 - 0x00007ff98700a000 	G:\App\AndroidStudio\jre\bin\net.dll
0x00007ff98ac00000 - 0x00007ff98ad37000 	C:\WINDOWS\SYSTEM32\WINHTTP.dll
0x00007ff993b90000 - 0x00007ff993bf9000 	C:\WINDOWS\system32\mswsock.dll
0x00007ff981270000 - 0x00007ff981284000 	G:\App\AndroidStudio\jre\bin\nio.dll
0x00007ff96dc30000 - 0x00007ff96dc57000 	G:\139HocCode\LapTrinhDiDong\Start\native\e1d6ef7f7dcc3fd88c89a11ec53ec762bb8ba0a96d01ffa2cd45eb1d1d8dd5c5\windows-amd64\native-platform.dll
0x00007ff9146e0000 - 0x00007ff914824000 	G:\139HocCode\LapTrinhDiDong\Start\native\0d407fdbe67a94daf76414ababcb853783967236a71b16ec16e742cd7a986fd3\windows-amd64\native-platform-file-events.dll
0x00007ff988bb0000 - 0x00007ff988bba000 	G:\App\AndroidStudio\jre\bin\management.dll
0x00007ff987f30000 - 0x00007ff987f3d000 	G:\App\AndroidStudio\jre\bin\management_ext.dll
0x00007ff993df0000 - 0x00007ff993e0b000 	C:\WINDOWS\SYSTEM32\CRYPTSP.dll
0x00007ff993690000 - 0x00007ff9936c5000 	C:\WINDOWS\system32\rsaenh.dll
0x00007ff993c90000 - 0x00007ff993cb8000 	C:\WINDOWS\SYSTEM32\USERENV.dll
0x00007ff994020000 - 0x00007ff994048000 	C:\WINDOWS\SYSTEM32\bcrypt.dll
0x00007ff993e10000 - 0x00007ff993e1c000 	C:\WINDOWS\SYSTEM32\CRYPTBASE.dll
0x00007ff9931f0000 - 0x00007ff99321d000 	C:\WINDOWS\SYSTEM32\IPHLPAPI.DLL
0x00007ff995f70000 - 0x00007ff995f79000 	C:\WINDOWS\System32\NSI.dll
0x00007ff988230000 - 0x00007ff988249000 	C:\WINDOWS\SYSTEM32\dhcpcsvc6.DLL
0x00007ff988080000 - 0x00007ff98809f000 	C:\WINDOWS\SYSTEM32\dhcpcsvc.DLL
0x00007ff993220000 - 0x00007ff993313000 	C:\WINDOWS\SYSTEM32\DNSAPI.dll

dbghelp: loaded successfully - version: 4.0.5 - missing functions: none
symbol engine: initialized successfully - sym options: 0x614 - pdb path: .;G:\App\AndroidStudio\jre\bin;C:\WINDOWS\SYSTEM32;C:\WINDOWS\WinSxS\amd64_microsoft.windows.common-controls_6595b64144ccf1df_6.0.22621.608_none_a9444ca7c10bb01d;G:\App\AndroidStudio\jre\bin\server;G:\139HocCode\LapTrinhDiDong\Start\native\e1d6ef7f7dcc3fd88c89a11ec53ec762bb8ba0a96d01ffa2cd45eb1d1d8dd5c5\windows-amd64;G:\139HocCode\LapTrinhDiDong\Start\native\0d407fdbe67a94daf76414ababcb853783967236a71b16ec16e742cd7a986fd3\windows-amd64

VM Arguments:
jvm_args: --add-opens=java.base/java.util=ALL-UNNAMED --add-opens=java.base/java.lang=ALL-UNNAMED --add-opens=java.base/java.lang.invoke=ALL-UNNAMED --add-opens=java.base/java.util=ALL-UNNAMED --add-opens=java.prefs/java.util.prefs=ALL-UNNAMED --add-opens=java.prefs/java.util.prefs=ALL-UNNAMED --add-opens=java.base/java.nio.charset=ALL-UNNAMED --add-opens=java.base/java.net=ALL-UNNAMED --add-opens=java.base/java.util.concurrent.atomic=ALL-UNNAMED -Xmx2048m -Dfile.encoding=UTF-8 -Duser.country=US -Duser.language=en -Duser.variant 
java_command: org.gradle.launcher.daemon.bootstrap.GradleDaemon 7.4
java_class_path (initial): G:\139HocCode\LapTrinhDiDong\Start\wrapper\dists\gradle-7.4-bin\c0gwcg53nkjbqw7r0h0umtfvt\gradle-7.4\lib\gradle-launcher-7.4.jar
Launcher Type: SUN_STANDARD

[Global flags]
     intx CICompilerCount                          = 4                                         {product} {ergonomic}
     uint ConcGCThreads                            = 2                                         {product} {ergonomic}
     uint G1ConcRefinementThreads                  = 8                                         {product} {ergonomic}
   size_t G1HeapRegionSize                         = 1048576                                   {product} {ergonomic}
    uintx GCDrainStackTargetSize                   = 64                                        {product} {ergonomic}
   size_t InitialHeapSize                          = 132120576                                 {product} {ergonomic}
   size_t MarkStackSize                            = 4194304                                   {product} {ergonomic}
   size_t MaxHeapSize                              = 2147483648                                {product} {command line}
   size_t MaxNewSize                               = 1287651328                                {product} {ergonomic}
   size_t MinHeapDeltaBytes                        = 1048576                                   {product} {ergonomic}
    uintx NonNMethodCodeHeapSize                   = 5836300                                {pd product} {ergonomic}
    uintx NonProfiledCodeHeapSize                  = 122910970                              {pd product} {ergonomic}
    uintx ProfiledCodeHeapSize                     = 122910970                              {pd product} {ergonomic}
    uintx ReservedCodeCacheSize                    = 251658240                              {pd product} {ergonomic}
     bool SegmentedCodeCache                       = true                                      {product} {ergonomic}
     bool UseCompressedClassPointers               = true                                 {lp64_product} {ergonomic}
     bool UseCompressedOops                        = true                                 {lp64_product} {ergonomic}
     bool UseG1GC                                  = true                                      {product} {ergonomic}
     bool UseLargePagesIndividualAllocation        = false                                  {pd product} {ergonomic}

Logging:
Log output configuration:
 #0: stdout all=warning uptime,level,tags
 #1: stderr all=off uptime,level,tags

Environment Variables:
JAVA_HOME=C:\Program Files\Java\jdk-17.0.2\bin
PATH=G:\App\Enviroment\Python310\Scripts\;G:\App\Enviroment\Python310\;C:\Program Files\Common Files\Oracle\Java\javapath;C:\Program Files (x86)\Common Files\Oracle\Java\javapath;C:\WINDOWS\system32;C:\WINDOWS;C:\WINDOWS\System32\Wbem;C:\WINDOWS\System32\WindowsPowerShell\v1.0\;C:\WINDOWS\System32\OpenSSH\;C:\Program Files (x86)\mingw-w64\i686-8.1.0-posix-dwarf-rt_v6-rev0\mingw32\bin;C:\Program Files\Microsoft SQL Server\Client SDK\ODBC\170\Tools\Binn\;C:\Program Files (x86)\Microsoft SQL Server\150\Tools\Binn\;C:\Program Files\Microsoft SQL Server\150\Tools\Binn\;C:\Program Files\Microsoft SQL Server\150\DTS\Binn\;C:\Program Files\Azure Data Studio\bin;G:\Git\cmd;G:\TDM-GCC-64\bin;G:\TDM-GCC-64;C:\Program Files\dotnet\;C:\WINDOWS\system32;C:\WINDOWS;C:\WINDOWS\System32\Wbem;C:\WINDOWS\System32\WindowsPowerShell\v1.0\;C:\WINDOWS\System32\OpenSSH\;G:\App\nvm;G:\App\Nodejs;G:\App\Git LFS;C:\Users\ADMIN\AppData\Local\Microsoft\WindowsApps;C:\Users\ADMIN\AppData\Local\Programs\Microsoft VS Code\bin;C:\Program Files\Azure Data Studio\bin;C:\Users\ADMIN\.dotnet\tools;G:\nodejs;G:\App\nvm;G:\App\Nodejs
USERNAME=ADMIN
OS=Windows_NT
PROCESSOR_IDENTIFIER=Intel64 Family 6 Model 126 Stepping 5, GenuineIntel



---------------  S Y S T E M  ---------------

OS: Windows 11 , 64 bit Build 22621 (10.0.22621.1485)
OS uptime: 0 days 1:18 hours

CPU:total 8 (initial active 8) (4 cores per cpu, 2 threads per core) family 6 model 126 stepping 5 microcode 0xa6, cmov, cx8, fxsr, mmx, sse, sse2, sse3, ssse3, sse4.1, sse4.2, popcnt, avx, avx2, aes, clmul, erms, 3dnowpref, lzcnt, ht, tsc, tscinvbit, bmi1, bmi2, adx, evex, sha, fma

Memory: 4k page, system-wide physical 7960M (405M free)
TotalPageFile size 13272M (AvailPageFile size 5M)
current process WorkingSet (physical memory assigned to process): 513M, peak: 513M
current process commit charge ("private bytes"): 601M, peak: 602M

vm_info: OpenJDK 64-Bit Server VM (11.0.13+0-b1751.21-8125866) for windows-amd64 JRE (11.0.13+0-b1751.21-8125866), built on Feb  2 2022 03:00:22 by "builder" with MS VC++ 14.0 (VS2015)

END.
